Determining if the system is big endian passed with the following output:
Change Dir: /home/cameron/Projects/nibbler-1/lib/vtk/CMakeFiles/CMakeTmp

Run Build Command:"/usr/bin/make" "cmTC_e846f/fast"
/usr/bin/make -f CMakeFiles/cmTC_e846f.dir/build.make CMakeFiles/cmTC_e846f.dir/build
make[1]: Entering directory '/home/cameron/Projects/nibbler-1/lib/vtk/CMakeFiles/CMakeTmp'
Building C object CMakeFiles/cmTC_e846f.dir/TestEndianess.c.o
/usr/bin/cc     -o CMakeFiles/cmTC_e846f.dir/TestEndianess.c.o   -c /home/cameron/Projects/nibbler-1/lib/vtk/CMakeFiles/CMakeTmp/TestEndianess.c
Linking C executable cmTC_e846f
/usr/bin/cmake -E cmake_link_script CMakeFiles/cmTC_e846f.dir/link.txt --verbose=1
/usr/bin/cc        CMakeFiles/cmTC_e846f.dir/TestEndianess.c.o  -o cmTC_e846f -rdynamic 
make[1]: Leaving directory '/home/cameron/Projects/nibbler-1/lib/vtk/CMakeFiles/CMakeTmp'

TestEndianess.c:
/* A 16 bit integer is required. */
typedef unsigned short cmakeint16;

/* On a little endian machine, these 16bit ints will give "THIS IS LITTLE ENDIAN."
   On a big endian machine the characters will be exchanged pairwise. */
const cmakeint16 info_little[] =  {0x4854, 0x5349, 0x4920, 0x2053, 0x494c, 0x5454, 0x454c, 0x4520, 0x444e, 0x4149, 0x2e4e, 0x0000};

/* on a big endian machine, these 16bit ints will give "THIS IS BIG ENDIAN."
   On a little endian machine the characters will be exchanged pairwise. */
const cmakeint16 info_big[] =     {0x5448, 0x4953, 0x2049, 0x5320, 0x4249, 0x4720, 0x454e, 0x4449, 0x414e, 0x2e2e, 0x0000};

#ifdef __CLASSIC_C__
int main(argc, argv) int argc; char *argv[];
#else
int main(int argc, char *argv[])
#endif
{
  int require = 0;
  require += info_little[argc];
  require += info_big[argc];
  (void)argv;
  return require;
}


Determining if the pthread_create exist failed with the following output:
Change Dir: /home/cameron/Projects/nibbler-1/lib/vtk/CMakeFiles/CMakeTmp

Run Build Command:"/usr/bin/make" "cmTC_0c07e/fast"
/usr/bin/make -f CMakeFiles/cmTC_0c07e.dir/build.make CMakeFiles/cmTC_0c07e.dir/build
make[1]: Entering directory '/home/cameron/Projects/nibbler-1/lib/vtk/CMakeFiles/CMakeTmp'
Building C object CMakeFiles/cmTC_0c07e.dir/CheckSymbolExists.c.o
/usr/bin/cc     -o CMakeFiles/cmTC_0c07e.dir/CheckSymbolExists.c.o   -c /home/cameron/Projects/nibbler-1/lib/vtk/CMakeFiles/CMakeTmp/CheckSymbolExists.c
Linking C executable cmTC_0c07e
/usr/bin/cmake -E cmake_link_script CMakeFiles/cmTC_0c07e.dir/link.txt --verbose=1
/usr/bin/cc        CMakeFiles/cmTC_0c07e.dir/CheckSymbolExists.c.o  -o cmTC_0c07e -rdynamic 
CMakeFiles/cmTC_0c07e.dir/CheckSymbolExists.c.o: In function `main':
CheckSymbolExists.c:(.text+0x16): undefined reference to `pthread_create'
collect2: error: ld returned 1 exit status
CMakeFiles/cmTC_0c07e.dir/build.make:97: recipe for target 'cmTC_0c07e' failed
make[1]: *** [cmTC_0c07e] Error 1
make[1]: Leaving directory '/home/cameron/Projects/nibbler-1/lib/vtk/CMakeFiles/CMakeTmp'
Makefile:126: recipe for target 'cmTC_0c07e/fast' failed
make: *** [cmTC_0c07e/fast] Error 2

File /home/cameron/Projects/nibbler-1/lib/vtk/CMakeFiles/CMakeTmp/CheckSymbolExists.c:
/* */
#include <pthread.h>

int main(int argc, char** argv)
{
  (void)argv;
#ifndef pthread_create
  return ((int*)(&pthread_create))[argc];
#else
  (void)argc;
  return 0;
#endif
}

Determining if the function pthread_create exists in the pthreads failed with the following output:
Change Dir: /home/cameron/Projects/nibbler-1/lib/vtk/CMakeFiles/CMakeTmp

Run Build Command:"/usr/bin/make" "cmTC_111b1/fast"
/usr/bin/make -f CMakeFiles/cmTC_111b1.dir/build.make CMakeFiles/cmTC_111b1.dir/build
make[1]: Entering directory '/home/cameron/Projects/nibbler-1/lib/vtk/CMakeFiles/CMakeTmp'
Building C object CMakeFiles/cmTC_111b1.dir/CheckFunctionExists.c.o
/usr/bin/cc    -DCHECK_FUNCTION_EXISTS=pthread_create   -o CMakeFiles/cmTC_111b1.dir/CheckFunctionExists.c.o   -c /usr/share/cmake-3.5/Modules/CheckFunctionExists.c
Linking C executable cmTC_111b1
/usr/bin/cmake -E cmake_link_script CMakeFiles/cmTC_111b1.dir/link.txt --verbose=1
/usr/bin/cc    -DCHECK_FUNCTION_EXISTS=pthread_create    CMakeFiles/cmTC_111b1.dir/CheckFunctionExists.c.o  -o cmTC_111b1 -rdynamic -lpthreads 
/usr/bin/ld: cannot find -lpthreads
collect2: error: ld returned 1 exit status
CMakeFiles/cmTC_111b1.dir/build.make:97: recipe for target 'cmTC_111b1' failed
make[1]: *** [cmTC_111b1] Error 1
make[1]: Leaving directory '/home/cameron/Projects/nibbler-1/lib/vtk/CMakeFiles/CMakeTmp'
Makefile:126: recipe for target 'cmTC_111b1/fast' failed
make: *** [cmTC_111b1/fast] Error 2


Determining if the function getsockname exists in the socket failed with the following output:
Change Dir: /home/cameron/Projects/nibbler-1/lib/vtk/CMakeFiles/CMakeTmp

Run Build Command:"/usr/bin/make" "cmTC_f91c7/fast"
/usr/bin/make -f CMakeFiles/cmTC_f91c7.dir/build.make CMakeFiles/cmTC_f91c7.dir/build
make[1]: Entering directory '/home/cameron/Projects/nibbler-1/lib/vtk/CMakeFiles/CMakeTmp'
Building C object CMakeFiles/cmTC_f91c7.dir/CheckFunctionExists.c.o
/usr/bin/cc    -DCHECK_FUNCTION_EXISTS=getsockname   -o CMakeFiles/cmTC_f91c7.dir/CheckFunctionExists.c.o   -c /usr/share/cmake-3.5/Modules/CheckFunctionExists.c
Linking C executable cmTC_f91c7
/usr/bin/cmake -E cmake_link_script CMakeFiles/cmTC_f91c7.dir/link.txt --verbose=1
/usr/bin/cc    -DCHECK_FUNCTION_EXISTS=getsockname    CMakeFiles/cmTC_f91c7.dir/CheckFunctionExists.c.o  -o cmTC_f91c7 -rdynamic -lsocket 
/usr/bin/ld: cannot find -lsocket
collect2: error: ld returned 1 exit status
CMakeFiles/cmTC_f91c7.dir/build.make:97: recipe for target 'cmTC_f91c7' failed
make[1]: *** [cmTC_f91c7] Error 1
make[1]: Leaving directory '/home/cameron/Projects/nibbler-1/lib/vtk/CMakeFiles/CMakeTmp'
Makefile:126: recipe for target 'cmTC_f91c7/fast' failed
make: *** [cmTC_f91c7/fast] Error 2


Checking whether C++ compiler has '__int64' failed to compile with the following output:
Change Dir: /home/cameron/Projects/nibbler-1/lib/vtk/Utilities/KWSys/vtksys/CMakeFiles/CMakeTmp

Run Build Command:"/usr/bin/make" "cmTC_e0ce5/fast"
/usr/bin/make -f CMakeFiles/cmTC_e0ce5.dir/build.make CMakeFiles/cmTC_e0ce5.dir/build
make[1]: Entering directory '/home/cameron/Projects/nibbler-1/lib/vtk/Utilities/KWSys/vtksys/CMakeFiles/CMakeTmp'
Building CXX object CMakeFiles/cmTC_e0ce5.dir/kwsysPlatformTestsCXX.cxx.o
/usr/bin/c++   -DTEST_KWSYS_CXX_HAS___INT64   -o CMakeFiles/cmTC_e0ce5.dir/kwsysPlatformTestsCXX.cxx.o -c /home/cameron/Downloads/VTK-7.0.0/Utilities/KWSys/vtksys/kwsysPlatformTestsCXX.cxx
/home/cameron/Downloads/VTK-7.0.0/Utilities/KWSys/vtksys/kwsysPlatformTestsCXX.cxx:27:1: error: ‘__int64’ does not name a type
 __int64 f(__int64 n) { return n; }
 ^
/home/cameron/Downloads/VTK-7.0.0/Utilities/KWSys/vtksys/kwsysPlatformTestsCXX.cxx: In function ‘int main()’:
/home/cameron/Downloads/VTK-7.0.0/Utilities/KWSys/vtksys/kwsysPlatformTestsCXX.cxx:30:3: error: ‘__int64’ was not declared in this scope
   __int64 n = 0;
   ^
/home/cameron/Downloads/VTK-7.0.0/Utilities/KWSys/vtksys/kwsysPlatformTestsCXX.cxx:31:29: error: ‘n’ was not declared in this scope
   return static_cast<int>(f(n));
                             ^
/home/cameron/Downloads/VTK-7.0.0/Utilities/KWSys/vtksys/kwsysPlatformTestsCXX.cxx:31:30: error: ‘f’ was not declared in this scope
   return static_cast<int>(f(n));
                              ^
CMakeFiles/cmTC_e0ce5.dir/build.make:65: recipe for target 'CMakeFiles/cmTC_e0ce5.dir/kwsysPlatformTestsCXX.cxx.o' failed
make[1]: *** [CMakeFiles/cmTC_e0ce5.dir/kwsysPlatformTestsCXX.cxx.o] Error 1
make[1]: Leaving directory '/home/cameron/Projects/nibbler-1/lib/vtk/Utilities/KWSys/vtksys/CMakeFiles/CMakeTmp'
Makefile:126: recipe for target 'cmTC_e0ce5/fast' failed
make: *** [cmTC_e0ce5/fast] Error 2


Determining size of __int64 failed with the following output:
Change Dir: /home/cameron/Projects/nibbler-1/lib/vtk/CMakeFiles/CMakeTmp

Run Build Command:"/usr/bin/make" "cmTC_5bf1c/fast"
/usr/bin/make -f CMakeFiles/cmTC_5bf1c.dir/build.make CMakeFiles/cmTC_5bf1c.dir/build
make[1]: Entering directory '/home/cameron/Projects/nibbler-1/lib/vtk/CMakeFiles/CMakeTmp'
Building C object CMakeFiles/cmTC_5bf1c.dir/KWSYS_SIZEOF___INT64.c.o
/usr/bin/cc     -o CMakeFiles/cmTC_5bf1c.dir/KWSYS_SIZEOF___INT64.c.o   -c /home/cameron/Projects/nibbler-1/lib/vtk/CMakeFiles/CheckTypeSize/KWSYS_SIZEOF___INT64.c
/home/cameron/Projects/nibbler-1/lib/vtk/CMakeFiles/CheckTypeSize/KWSYS_SIZEOF___INT64.c:17:22: error: ‘__int64’ undeclared here (not in a function)
 #define SIZE (sizeof(__int64))
                      ^
/home/cameron/Projects/nibbler-1/lib/vtk/CMakeFiles/CheckTypeSize/KWSYS_SIZEOF___INT64.c:19:12: note: in expansion of macro ‘SIZE’
   ('0' + ((SIZE / 10000)%10)),
            ^
CMakeFiles/cmTC_5bf1c.dir/build.make:65: recipe for target 'CMakeFiles/cmTC_5bf1c.dir/KWSYS_SIZEOF___INT64.c.o' failed
make[1]: *** [CMakeFiles/cmTC_5bf1c.dir/KWSYS_SIZEOF___INT64.c.o] Error 1
make[1]: Leaving directory '/home/cameron/Projects/nibbler-1/lib/vtk/CMakeFiles/CMakeTmp'
Makefile:126: recipe for target 'cmTC_5bf1c/fast' failed
make: *** [cmTC_5bf1c/fast] Error 2

/home/cameron/Projects/nibbler-1/lib/vtk/CMakeFiles/CheckTypeSize/KWSYS_SIZEOF___INT64.c:
#include <sys/types.h>
#include <stdint.h>
#include <stddef.h>


#undef KEY
#if defined(__i386)
# define KEY '_','_','i','3','8','6'
#elif defined(__x86_64)
# define KEY '_','_','x','8','6','_','6','4'
#elif defined(__ppc__)
# define KEY '_','_','p','p','c','_','_'
#elif defined(__ppc64__)
# define KEY '_','_','p','p','c','6','4','_','_'
#endif

#define SIZE (sizeof(__int64))
char info_size[] =  {'I', 'N', 'F', 'O', ':', 's','i','z','e','[',
  ('0' + ((SIZE / 10000)%10)),
  ('0' + ((SIZE / 1000)%10)),
  ('0' + ((SIZE / 100)%10)),
  ('0' + ((SIZE / 10)%10)),
  ('0' +  (SIZE    % 10)),
  ']',
#ifdef KEY
  ' ','k','e','y','[', KEY, ']',
#endif
  '\0'};

#ifdef __CLASSIC_C__
int main(argc, argv) int argc; char *argv[];
#else
int main(int argc, char *argv[])
#endif
{
  int require = 0;
  require += info_size[argc];
  (void)argv;
  return require;
}


Checking whether CXX compiler has environ in stdlib.h failed to compile with the following output:
Change Dir: /home/cameron/Projects/nibbler-1/lib/vtk/Utilities/KWSys/vtksys/CMakeFiles/CMakeTmp

Run Build Command:"/usr/bin/make" "cmTC_0316d/fast"
/usr/bin/make -f CMakeFiles/cmTC_0316d.dir/build.make CMakeFiles/cmTC_0316d.dir/build
make[1]: Entering directory '/home/cameron/Projects/nibbler-1/lib/vtk/Utilities/KWSys/vtksys/CMakeFiles/CMakeTmp'
Building CXX object CMakeFiles/cmTC_0316d.dir/kwsysPlatformTestsCXX.cxx.o
/usr/bin/c++   -DTEST_KWSYS_CXX_HAS_ENVIRON_IN_STDLIB_H   -o CMakeFiles/cmTC_0316d.dir/kwsysPlatformTestsCXX.cxx.o -c /home/cameron/Downloads/VTK-7.0.0/Utilities/KWSys/vtksys/kwsysPlatformTestsCXX.cxx
/home/cameron/Downloads/VTK-7.0.0/Utilities/KWSys/vtksys/kwsysPlatformTestsCXX.cxx: In function ‘int main()’:
/home/cameron/Downloads/VTK-7.0.0/Utilities/KWSys/vtksys/kwsysPlatformTestsCXX.cxx:200:13: error: ‘environ’ was not declared in this scope
   char* e = environ[0];
             ^
CMakeFiles/cmTC_0316d.dir/build.make:65: recipe for target 'CMakeFiles/cmTC_0316d.dir/kwsysPlatformTestsCXX.cxx.o' failed
make[1]: *** [CMakeFiles/cmTC_0316d.dir/kwsysPlatformTestsCXX.cxx.o] Error 1
make[1]: Leaving directory '/home/cameron/Projects/nibbler-1/lib/vtk/Utilities/KWSys/vtksys/CMakeFiles/CMakeTmp'
Makefile:126: recipe for target 'cmTC_0316d/fast' failed
make: *** [cmTC_0316d/fast] Error 2


Checking whether CXX compiler has _atoi64 failed to compile with the following output:
Change Dir: /home/cameron/Projects/nibbler-1/lib/vtk/Utilities/KWSys/vtksys/CMakeFiles/CMakeTmp

Run Build Command:"/usr/bin/make" "cmTC_e8c41/fast"
/usr/bin/make -f CMakeFiles/cmTC_e8c41.dir/build.make CMakeFiles/cmTC_e8c41.dir/build
make[1]: Entering directory '/home/cameron/Projects/nibbler-1/lib/vtk/Utilities/KWSys/vtksys/CMakeFiles/CMakeTmp'
Building CXX object CMakeFiles/cmTC_e8c41.dir/kwsysPlatformTestsCXX.cxx.o
/usr/bin/c++   -DTEST_KWSYS_CXX_HAS__ATOI64   -o CMakeFiles/cmTC_e8c41.dir/kwsysPlatformTestsCXX.cxx.o -c /home/cameron/Downloads/VTK-7.0.0/Utilities/KWSys/vtksys/kwsysPlatformTestsCXX.cxx
/home/cameron/Downloads/VTK-7.0.0/Utilities/KWSys/vtksys/kwsysPlatformTestsCXX.cxx: In function ‘int main()’:
/home/cameron/Downloads/VTK-7.0.0/Utilities/KWSys/vtksys/kwsysPlatformTestsCXX.cxx:256:38: error: ‘_atoi64’ was not declared in this scope
   return static_cast<int>(_atoi64(str));
                                      ^
CMakeFiles/cmTC_e8c41.dir/build.make:65: recipe for target 'CMakeFiles/cmTC_e8c41.dir/kwsysPlatformTestsCXX.cxx.o' failed
make[1]: *** [CMakeFiles/cmTC_e8c41.dir/kwsysPlatformTestsCXX.cxx.o] Error 1
make[1]: Leaving directory '/home/cameron/Projects/nibbler-1/lib/vtk/Utilities/KWSys/vtksys/CMakeFiles/CMakeTmp'
Makefile:126: recipe for target 'cmTC_e8c41/fast' failed
make: *** [cmTC_e8c41/fast] Error 2


Determining if files windows.h exist failed with the following output:
Change Dir: /home/cameron/Projects/nibbler-1/lib/vtk/CMakeFiles/CMakeTmp

Run Build Command:"/usr/bin/make" "cmTC_e3513/fast"
/usr/bin/make -f CMakeFiles/cmTC_e3513.dir/build.make CMakeFiles/cmTC_e3513.dir/build
make[1]: Entering directory '/home/cameron/Projects/nibbler-1/lib/vtk/CMakeFiles/CMakeTmp'
Building C object CMakeFiles/cmTC_e3513.dir/CheckIncludeFiles.c.o
/usr/bin/cc    -w -w    -o CMakeFiles/cmTC_e3513.dir/CheckIncludeFiles.c.o   -c /home/cameron/Projects/nibbler-1/lib/vtk/CMakeFiles/CMakeTmp/CheckIncludeFiles.c
/home/cameron/Projects/nibbler-1/lib/vtk/CMakeFiles/CMakeTmp/CheckIncludeFiles.c:2:21: fatal error: windows.h: No such file or directory
compilation terminated.
CMakeFiles/cmTC_e3513.dir/build.make:65: recipe for target 'CMakeFiles/cmTC_e3513.dir/CheckIncludeFiles.c.o' failed
make[1]: *** [CMakeFiles/cmTC_e3513.dir/CheckIncludeFiles.c.o] Error 1
make[1]: Leaving directory '/home/cameron/Projects/nibbler-1/lib/vtk/CMakeFiles/CMakeTmp'
Makefile:126: recipe for target 'cmTC_e3513/fast' failed
make: *** [cmTC_e3513/fast] Error 2

Source:
/* */
#include <windows.h>


int main(void){return 0;}

Determining if files ieeefp.h exist failed with the following output:
Change Dir: /home/cameron/Projects/nibbler-1/lib/vtk/CMakeFiles/CMakeTmp

Run Build Command:"/usr/bin/make" "cmTC_3169a/fast"
/usr/bin/make -f CMakeFiles/cmTC_3169a.dir/build.make CMakeFiles/cmTC_3169a.dir/build
make[1]: Entering directory '/home/cameron/Projects/nibbler-1/lib/vtk/CMakeFiles/CMakeTmp'
Building C object CMakeFiles/cmTC_3169a.dir/CheckIncludeFiles.c.o
/usr/bin/cc    -w -w    -o CMakeFiles/cmTC_3169a.dir/CheckIncludeFiles.c.o   -c /home/cameron/Projects/nibbler-1/lib/vtk/CMakeFiles/CMakeTmp/CheckIncludeFiles.c
/home/cameron/Projects/nibbler-1/lib/vtk/CMakeFiles/CMakeTmp/CheckIncludeFiles.c:2:20: fatal error: ieeefp.h: No such file or directory
compilation terminated.
CMakeFiles/cmTC_3169a.dir/build.make:65: recipe for target 'CMakeFiles/cmTC_3169a.dir/CheckIncludeFiles.c.o' failed
make[1]: *** [CMakeFiles/cmTC_3169a.dir/CheckIncludeFiles.c.o] Error 1
make[1]: Leaving directory '/home/cameron/Projects/nibbler-1/lib/vtk/CMakeFiles/CMakeTmp'
Makefile:126: recipe for target 'cmTC_3169a/fast' failed
make: *** [cmTC_3169a/fast] Error 2

Source:
/* */
#include <ieeefp.h>


int main(void){return 0;}

Determining if the function floor exists failed with the following output:
Change Dir: /home/cameron/Projects/nibbler-1/lib/vtk/CMakeFiles/CMakeTmp

Run Build Command:"/usr/bin/make" "cmTC_25667/fast"
/usr/bin/make -f CMakeFiles/cmTC_25667.dir/build.make CMakeFiles/cmTC_25667.dir/build
make[1]: Entering directory '/home/cameron/Projects/nibbler-1/lib/vtk/CMakeFiles/CMakeTmp'
Building C object CMakeFiles/cmTC_25667.dir/CheckFunctionExists.c.o
/usr/bin/cc    -w -w -DCHECK_FUNCTION_EXISTS=floor   -o CMakeFiles/cmTC_25667.dir/CheckFunctionExists.c.o   -c /usr/share/cmake-3.5/Modules/CheckFunctionExists.c
Linking C executable cmTC_25667
/usr/bin/cmake -E cmake_link_script CMakeFiles/cmTC_25667.dir/link.txt --verbose=1
/usr/bin/cc    -w -w -DCHECK_FUNCTION_EXISTS=floor    CMakeFiles/cmTC_25667.dir/CheckFunctionExists.c.o  -o cmTC_25667 -rdynamic 
CMakeFiles/cmTC_25667.dir/CheckFunctionExists.c.o: In function `main':
CheckFunctionExists.c:(.text+0x15): undefined reference to `floor'
collect2: error: ld returned 1 exit status
CMakeFiles/cmTC_25667.dir/build.make:97: recipe for target 'cmTC_25667' failed
make[1]: *** [cmTC_25667] Error 1
make[1]: Leaving directory '/home/cameron/Projects/nibbler-1/lib/vtk/CMakeFiles/CMakeTmp'
Makefile:126: recipe for target 'cmTC_25667/fast' failed
make: *** [cmTC_25667/fast] Error 2


Determining if the function pow exists failed with the following output:
Change Dir: /home/cameron/Projects/nibbler-1/lib/vtk/CMakeFiles/CMakeTmp

Run Build Command:"/usr/bin/make" "cmTC_e98fb/fast"
/usr/bin/make -f CMakeFiles/cmTC_e98fb.dir/build.make CMakeFiles/cmTC_e98fb.dir/build
make[1]: Entering directory '/home/cameron/Projects/nibbler-1/lib/vtk/CMakeFiles/CMakeTmp'
Building C object CMakeFiles/cmTC_e98fb.dir/CheckFunctionExists.c.o
/usr/bin/cc    -w -w -DCHECK_FUNCTION_EXISTS=pow   -o CMakeFiles/cmTC_e98fb.dir/CheckFunctionExists.c.o   -c /usr/share/cmake-3.5/Modules/CheckFunctionExists.c
Linking C executable cmTC_e98fb
/usr/bin/cmake -E cmake_link_script CMakeFiles/cmTC_e98fb.dir/link.txt --verbose=1
/usr/bin/cc    -w -w -DCHECK_FUNCTION_EXISTS=pow    CMakeFiles/cmTC_e98fb.dir/CheckFunctionExists.c.o  -o cmTC_e98fb -rdynamic 
CMakeFiles/cmTC_e98fb.dir/CheckFunctionExists.c.o: In function `main':
CheckFunctionExists.c:(.text+0x15): undefined reference to `pow'
collect2: error: ld returned 1 exit status
CMakeFiles/cmTC_e98fb.dir/build.make:97: recipe for target 'cmTC_e98fb' failed
make[1]: *** [cmTC_e98fb] Error 1
make[1]: Leaving directory '/home/cameron/Projects/nibbler-1/lib/vtk/CMakeFiles/CMakeTmp'
Makefile:126: recipe for target 'cmTC_e98fb/fast' failed
make: *** [cmTC_e98fb/fast] Error 2


Determining if the function sqrt exists failed with the following output:
Change Dir: /home/cameron/Projects/nibbler-1/lib/vtk/CMakeFiles/CMakeTmp

Run Build Command:"/usr/bin/make" "cmTC_ac4eb/fast"
/usr/bin/make -f CMakeFiles/cmTC_ac4eb.dir/build.make CMakeFiles/cmTC_ac4eb.dir/build
make[1]: Entering directory '/home/cameron/Projects/nibbler-1/lib/vtk/CMakeFiles/CMakeTmp'
Building C object CMakeFiles/cmTC_ac4eb.dir/CheckFunctionExists.c.o
/usr/bin/cc    -w -w -DCHECK_FUNCTION_EXISTS=sqrt   -o CMakeFiles/cmTC_ac4eb.dir/CheckFunctionExists.c.o   -c /usr/share/cmake-3.5/Modules/CheckFunctionExists.c
Linking C executable cmTC_ac4eb
/usr/bin/cmake -E cmake_link_script CMakeFiles/cmTC_ac4eb.dir/link.txt --verbose=1
/usr/bin/cc    -w -w -DCHECK_FUNCTION_EXISTS=sqrt    CMakeFiles/cmTC_ac4eb.dir/CheckFunctionExists.c.o  -o cmTC_ac4eb -rdynamic 
CMakeFiles/cmTC_ac4eb.dir/CheckFunctionExists.c.o: In function `main':
CheckFunctionExists.c:(.text+0x15): undefined reference to `sqrt'
collect2: error: ld returned 1 exit status
CMakeFiles/cmTC_ac4eb.dir/build.make:97: recipe for target 'cmTC_ac4eb' failed
make[1]: *** [cmTC_ac4eb] Error 1
make[1]: Leaving directory '/home/cameron/Projects/nibbler-1/lib/vtk/CMakeFiles/CMakeTmp'
Makefile:126: recipe for target 'cmTC_ac4eb/fast' failed
make: *** [cmTC_ac4eb/fast] Error 2


Determining if the function WSAStartup exists in the ws2_32;m;dl failed with the following output:
Change Dir: /home/cameron/Projects/nibbler-1/lib/vtk/CMakeFiles/CMakeTmp

Run Build Command:"/usr/bin/make" "cmTC_918f6/fast"
/usr/bin/make -f CMakeFiles/cmTC_918f6.dir/build.make CMakeFiles/cmTC_918f6.dir/build
make[1]: Entering directory '/home/cameron/Projects/nibbler-1/lib/vtk/CMakeFiles/CMakeTmp'
Building C object CMakeFiles/cmTC_918f6.dir/CheckFunctionExists.c.o
/usr/bin/cc    -w -w -DCHECK_FUNCTION_EXISTS=WSAStartup   -o CMakeFiles/cmTC_918f6.dir/CheckFunctionExists.c.o   -c /usr/share/cmake-3.5/Modules/CheckFunctionExists.c
Linking C executable cmTC_918f6
/usr/bin/cmake -E cmake_link_script CMakeFiles/cmTC_918f6.dir/link.txt --verbose=1
/usr/bin/cc    -w -w -DCHECK_FUNCTION_EXISTS=WSAStartup    CMakeFiles/cmTC_918f6.dir/CheckFunctionExists.c.o  -o cmTC_918f6 -rdynamic -lws2_32 -lm -ldl 
/usr/bin/ld: cannot find -lws2_32
collect2: error: ld returned 1 exit status
CMakeFiles/cmTC_918f6.dir/build.make:97: recipe for target 'cmTC_918f6' failed
make[1]: *** [cmTC_918f6] Error 1
make[1]: Leaving directory '/home/cameron/Projects/nibbler-1/lib/vtk/CMakeFiles/CMakeTmp'
Makefile:126: recipe for target 'cmTC_918f6/fast' failed
make: *** [cmTC_918f6/fast] Error 2


Determining if the function gethostbyname exists in the wsock32;m;dl failed with the following output:
Change Dir: /home/cameron/Projects/nibbler-1/lib/vtk/CMakeFiles/CMakeTmp

Run Build Command:"/usr/bin/make" "cmTC_3078b/fast"
/usr/bin/make -f CMakeFiles/cmTC_3078b.dir/build.make CMakeFiles/cmTC_3078b.dir/build
make[1]: Entering directory '/home/cameron/Projects/nibbler-1/lib/vtk/CMakeFiles/CMakeTmp'
Building C object CMakeFiles/cmTC_3078b.dir/CheckFunctionExists.c.o
/usr/bin/cc    -w -w -DCHECK_FUNCTION_EXISTS=gethostbyname   -o CMakeFiles/cmTC_3078b.dir/CheckFunctionExists.c.o   -c /usr/share/cmake-3.5/Modules/CheckFunctionExists.c
Linking C executable cmTC_3078b
/usr/bin/cmake -E cmake_link_script CMakeFiles/cmTC_3078b.dir/link.txt --verbose=1
/usr/bin/cc    -w -w -DCHECK_FUNCTION_EXISTS=gethostbyname    CMakeFiles/cmTC_3078b.dir/CheckFunctionExists.c.o  -o cmTC_3078b -rdynamic -lwsock32 -lm -ldl 
/usr/bin/ld: cannot find -lwsock32
collect2: error: ld returned 1 exit status
CMakeFiles/cmTC_3078b.dir/build.make:97: recipe for target 'cmTC_3078b' failed
make[1]: *** [cmTC_3078b] Error 1
make[1]: Leaving directory '/home/cameron/Projects/nibbler-1/lib/vtk/CMakeFiles/CMakeTmp'
Makefile:126: recipe for target 'cmTC_3078b/fast' failed
make: *** [cmTC_3078b/fast] Error 2


Determining if the function gethostname exists in the ucb;m;dl failed with the following output:
Change Dir: /home/cameron/Projects/nibbler-1/lib/vtk/CMakeFiles/CMakeTmp

Run Build Command:"/usr/bin/make" "cmTC_e99b1/fast"
/usr/bin/make -f CMakeFiles/cmTC_e99b1.dir/build.make CMakeFiles/cmTC_e99b1.dir/build
make[1]: Entering directory '/home/cameron/Projects/nibbler-1/lib/vtk/CMakeFiles/CMakeTmp'
Building C object CMakeFiles/cmTC_e99b1.dir/CheckFunctionExists.c.o
/usr/bin/cc    -w -w -DCHECK_FUNCTION_EXISTS=gethostname   -o CMakeFiles/cmTC_e99b1.dir/CheckFunctionExists.c.o   -c /usr/share/cmake-3.5/Modules/CheckFunctionExists.c
Linking C executable cmTC_e99b1
/usr/bin/cmake -E cmake_link_script CMakeFiles/cmTC_e99b1.dir/link.txt --verbose=1
/usr/bin/cc    -w -w -DCHECK_FUNCTION_EXISTS=gethostname    CMakeFiles/cmTC_e99b1.dir/CheckFunctionExists.c.o  -o cmTC_e99b1 -rdynamic -lucb -lm -ldl 
/usr/bin/ld: cannot find -lucb
collect2: error: ld returned 1 exit status
CMakeFiles/cmTC_e99b1.dir/build.make:97: recipe for target 'cmTC_e99b1' failed
make[1]: *** [cmTC_e99b1] Error 1
make[1]: Leaving directory '/home/cameron/Projects/nibbler-1/lib/vtk/CMakeFiles/CMakeTmp'
Makefile:126: recipe for target 'cmTC_e99b1/fast' failed
make: *** [cmTC_e99b1/fast] Error 2


Determining if the function connect exists in the socket;m;dl failed with the following output:
Change Dir: /home/cameron/Projects/nibbler-1/lib/vtk/CMakeFiles/CMakeTmp

Run Build Command:"/usr/bin/make" "cmTC_f245f/fast"
/usr/bin/make -f CMakeFiles/cmTC_f245f.dir/build.make CMakeFiles/cmTC_f245f.dir/build
make[1]: Entering directory '/home/cameron/Projects/nibbler-1/lib/vtk/CMakeFiles/CMakeTmp'
Building C object CMakeFiles/cmTC_f245f.dir/CheckFunctionExists.c.o
/usr/bin/cc    -w -w -DCHECK_FUNCTION_EXISTS=connect   -o CMakeFiles/cmTC_f245f.dir/CheckFunctionExists.c.o   -c /usr/share/cmake-3.5/Modules/CheckFunctionExists.c
Linking C executable cmTC_f245f
/usr/bin/cmake -E cmake_link_script CMakeFiles/cmTC_f245f.dir/link.txt --verbose=1
/usr/bin/cc    -w -w -DCHECK_FUNCTION_EXISTS=connect    CMakeFiles/cmTC_f245f.dir/CheckFunctionExists.c.o  -o cmTC_f245f -rdynamic -lsocket -lm -ldl 
/usr/bin/ld: cannot find -lsocket
collect2: error: ld returned 1 exit status
CMakeFiles/cmTC_f245f.dir/build.make:97: recipe for target 'cmTC_f245f' failed
make[1]: *** [cmTC_f245f] Error 1
make[1]: Leaving directory '/home/cameron/Projects/nibbler-1/lib/vtk/CMakeFiles/CMakeTmp'
Makefile:126: recipe for target 'cmTC_f245f/fast' failed
make: *** [cmTC_f245f/fast] Error 2


Determining if the system is big endian passed with the following output:
Change Dir: /home/cameron/Projects/nibbler-1/lib/vtk/CMakeFiles/CMakeTmp

Run Build Command:"/usr/bin/make" "cmTC_52d63/fast"
/usr/bin/make -f CMakeFiles/cmTC_52d63.dir/build.make CMakeFiles/cmTC_52d63.dir/build
make[1]: Entering directory '/home/cameron/Projects/nibbler-1/lib/vtk/CMakeFiles/CMakeTmp'
Building C object CMakeFiles/cmTC_52d63.dir/TestEndianess.c.o
/usr/bin/cc    -w -w    -o CMakeFiles/cmTC_52d63.dir/TestEndianess.c.o   -c /home/cameron/Projects/nibbler-1/lib/vtk/CMakeFiles/CMakeTmp/TestEndianess.c
Linking C executable cmTC_52d63
/usr/bin/cmake -E cmake_link_script CMakeFiles/cmTC_52d63.dir/link.txt --verbose=1
/usr/bin/cc    -w -w     CMakeFiles/cmTC_52d63.dir/TestEndianess.c.o  -o cmTC_52d63 -rdynamic 
make[1]: Leaving directory '/home/cameron/Projects/nibbler-1/lib/vtk/CMakeFiles/CMakeTmp'

TestEndianess.c:
/* A 16 bit integer is required. */
typedef unsigned short cmakeint16;

/* On a little endian machine, these 16bit ints will give "THIS IS LITTLE ENDIAN."
   On a big endian machine the characters will be exchanged pairwise. */
const cmakeint16 info_little[] =  {0x4854, 0x5349, 0x4920, 0x2053, 0x494c, 0x5454, 0x454c, 0x4520, 0x444e, 0x4149, 0x2e4e, 0x0000};

/* on a big endian machine, these 16bit ints will give "THIS IS BIG ENDIAN."
   On a little endian machine the characters will be exchanged pairwise. */
const cmakeint16 info_big[] =     {0x5448, 0x4953, 0x2049, 0x5320, 0x4249, 0x4720, 0x454e, 0x4449, 0x414e, 0x2e2e, 0x0000};

#ifdef __CLASSIC_C__
int main(argc, argv) int argc; char *argv[];
#else
int main(int argc, char *argv[])
#endif
{
  int require = 0;
  require += info_little[argc];
  require += info_big[argc];
  (void)argv;
  return require;
}


Determining if the function clock_gettime exists in the posix4 failed with the following output:
Change Dir: /home/cameron/Projects/nibbler-1/lib/vtk/CMakeFiles/CMakeTmp

Run Build Command:"/usr/bin/make" "cmTC_f7eb7/fast"
/usr/bin/make -f CMakeFiles/cmTC_f7eb7.dir/build.make CMakeFiles/cmTC_f7eb7.dir/build
make[1]: Entering directory '/home/cameron/Projects/nibbler-1/lib/vtk/CMakeFiles/CMakeTmp'
Building C object CMakeFiles/cmTC_f7eb7.dir/CheckFunctionExists.c.o
/usr/bin/cc    -w -w -DCHECK_FUNCTION_EXISTS=clock_gettime   -o CMakeFiles/cmTC_f7eb7.dir/CheckFunctionExists.c.o   -c /usr/share/cmake-3.5/Modules/CheckFunctionExists.c
Linking C executable cmTC_f7eb7
/usr/bin/cmake -E cmake_link_script CMakeFiles/cmTC_f7eb7.dir/link.txt --verbose=1
/usr/bin/cc    -w -w -DCHECK_FUNCTION_EXISTS=clock_gettime    CMakeFiles/cmTC_f7eb7.dir/CheckFunctionExists.c.o  -o cmTC_f7eb7 -rdynamic -lposix4 -lm -ldl 
/usr/bin/ld: cannot find -lposix4
collect2: error: ld returned 1 exit status
CMakeFiles/cmTC_f7eb7.dir/build.make:97: recipe for target 'cmTC_f7eb7' failed
make[1]: *** [cmTC_f7eb7] Error 1
make[1]: Leaving directory '/home/cameron/Projects/nibbler-1/lib/vtk/CMakeFiles/CMakeTmp'
Makefile:126: recipe for target 'cmTC_f7eb7/fast' failed
make: *** [cmTC_f7eb7/fast] Error 2


Determining if files sys/resource.h;sys/time.h;unistd.h;sys/ioctl.h;sys/stat.h;sys/socket.h;sys/types.h;stddef.h;setjmp.h;features.h;dirent.h;stdint.h;mach/mach_time.h exist failed with the following output:
Change Dir: /home/cameron/Projects/nibbler-1/lib/vtk/CMakeFiles/CMakeTmp

Run Build Command:"/usr/bin/make" "cmTC_40036/fast"
/usr/bin/make -f CMakeFiles/cmTC_40036.dir/build.make CMakeFiles/cmTC_40036.dir/build
make[1]: Entering directory '/home/cameron/Projects/nibbler-1/lib/vtk/CMakeFiles/CMakeTmp'
Building C object CMakeFiles/cmTC_40036.dir/CheckIncludeFiles.c.o
/usr/bin/cc    -w -w    -o CMakeFiles/cmTC_40036.dir/CheckIncludeFiles.c.o   -c /home/cameron/Projects/nibbler-1/lib/vtk/CMakeFiles/CMakeTmp/CheckIncludeFiles.c
/home/cameron/Projects/nibbler-1/lib/vtk/CMakeFiles/CMakeTmp/CheckIncludeFiles.c:14:28: fatal error: mach/mach_time.h: No such file or directory
compilation terminated.
CMakeFiles/cmTC_40036.dir/build.make:65: recipe for target 'CMakeFiles/cmTC_40036.dir/CheckIncludeFiles.c.o' failed
make[1]: *** [CMakeFiles/cmTC_40036.dir/CheckIncludeFiles.c.o] Error 1
make[1]: Leaving directory '/home/cameron/Projects/nibbler-1/lib/vtk/CMakeFiles/CMakeTmp'
Makefile:126: recipe for target 'cmTC_40036/fast' failed
make: *** [cmTC_40036/fast] Error 2

Source:
/* */
#include <sys/resource.h>
#include <sys/time.h>
#include <unistd.h>
#include <sys/ioctl.h>
#include <sys/stat.h>
#include <sys/socket.h>
#include <sys/types.h>
#include <stddef.h>
#include <setjmp.h>
#include <features.h>
#include <dirent.h>
#include <stdint.h>
#include <mach/mach_time.h>


int main(void){return 0;}

Determining if files sys/resource.h;sys/time.h;unistd.h;sys/ioctl.h;sys/stat.h;sys/socket.h;sys/types.h;stddef.h;setjmp.h;features.h;dirent.h;stdint.h;io.h exist failed with the following output:
Change Dir: /home/cameron/Projects/nibbler-1/lib/vtk/CMakeFiles/CMakeTmp

Run Build Command:"/usr/bin/make" "cmTC_663a8/fast"
/usr/bin/make -f CMakeFiles/cmTC_663a8.dir/build.make CMakeFiles/cmTC_663a8.dir/build
make[1]: Entering directory '/home/cameron/Projects/nibbler-1/lib/vtk/CMakeFiles/CMakeTmp'
Building C object CMakeFiles/cmTC_663a8.dir/CheckIncludeFiles.c.o
/usr/bin/cc    -w -w    -o CMakeFiles/cmTC_663a8.dir/CheckIncludeFiles.c.o   -c /home/cameron/Projects/nibbler-1/lib/vtk/CMakeFiles/CMakeTmp/CheckIncludeFiles.c
/home/cameron/Projects/nibbler-1/lib/vtk/CMakeFiles/CMakeTmp/CheckIncludeFiles.c:14:16: fatal error: io.h: No such file or directory
compilation terminated.
CMakeFiles/cmTC_663a8.dir/build.make:65: recipe for target 'CMakeFiles/cmTC_663a8.dir/CheckIncludeFiles.c.o' failed
make[1]: *** [CMakeFiles/cmTC_663a8.dir/CheckIncludeFiles.c.o] Error 1
make[1]: Leaving directory '/home/cameron/Projects/nibbler-1/lib/vtk/CMakeFiles/CMakeTmp'
Makefile:126: recipe for target 'cmTC_663a8/fast' failed
make: *** [cmTC_663a8/fast] Error 2

Source:
/* */
#include <sys/resource.h>
#include <sys/time.h>
#include <unistd.h>
#include <sys/ioctl.h>
#include <sys/stat.h>
#include <sys/socket.h>
#include <sys/types.h>
#include <stddef.h>
#include <setjmp.h>
#include <features.h>
#include <dirent.h>
#include <stdint.h>
#include <io.h>


int main(void){return 0;}

Determining if files sys/resource.h;sys/time.h;unistd.h;sys/ioctl.h;sys/stat.h;sys/socket.h;sys/types.h;stddef.h;setjmp.h;features.h;dirent.h;stdint.h;winsock2.h exist failed with the following output:
Change Dir: /home/cameron/Projects/nibbler-1/lib/vtk/CMakeFiles/CMakeTmp

Run Build Command:"/usr/bin/make" "cmTC_a54f2/fast"
/usr/bin/make -f CMakeFiles/cmTC_a54f2.dir/build.make CMakeFiles/cmTC_a54f2.dir/build
make[1]: Entering directory '/home/cameron/Projects/nibbler-1/lib/vtk/CMakeFiles/CMakeTmp'
Building C object CMakeFiles/cmTC_a54f2.dir/CheckIncludeFiles.c.o
/usr/bin/cc    -w -w    -o CMakeFiles/cmTC_a54f2.dir/CheckIncludeFiles.c.o   -c /home/cameron/Projects/nibbler-1/lib/vtk/CMakeFiles/CMakeTmp/CheckIncludeFiles.c
/home/cameron/Projects/nibbler-1/lib/vtk/CMakeFiles/CMakeTmp/CheckIncludeFiles.c:14:22: fatal error: winsock2.h: No such file or directory
compilation terminated.
CMakeFiles/cmTC_a54f2.dir/build.make:65: recipe for target 'CMakeFiles/cmTC_a54f2.dir/CheckIncludeFiles.c.o' failed
make[1]: *** [CMakeFiles/cmTC_a54f2.dir/CheckIncludeFiles.c.o] Error 1
make[1]: Leaving directory '/home/cameron/Projects/nibbler-1/lib/vtk/CMakeFiles/CMakeTmp'
Makefile:126: recipe for target 'cmTC_a54f2/fast' failed
make: *** [cmTC_a54f2/fast] Error 2

Source:
/* */
#include <sys/resource.h>
#include <sys/time.h>
#include <unistd.h>
#include <sys/ioctl.h>
#include <sys/stat.h>
#include <sys/socket.h>
#include <sys/types.h>
#include <stddef.h>
#include <setjmp.h>
#include <features.h>
#include <dirent.h>
#include <stdint.h>
#include <winsock2.h>


int main(void){return 0;}

Determining if files sys/resource.h;sys/time.h;unistd.h;sys/ioctl.h;sys/stat.h;sys/socket.h;sys/types.h;stddef.h;setjmp.h;features.h;dirent.h;stdint.h;sys/timeb.h;globus/common.h exist failed with the following output:
Change Dir: /home/cameron/Projects/nibbler-1/lib/vtk/CMakeFiles/CMakeTmp

Run Build Command:"/usr/bin/make" "cmTC_7cd53/fast"
/usr/bin/make -f CMakeFiles/cmTC_7cd53.dir/build.make CMakeFiles/cmTC_7cd53.dir/build
make[1]: Entering directory '/home/cameron/Projects/nibbler-1/lib/vtk/CMakeFiles/CMakeTmp'
Building C object CMakeFiles/cmTC_7cd53.dir/CheckIncludeFiles.c.o
/usr/bin/cc    -w -w    -o CMakeFiles/cmTC_7cd53.dir/CheckIncludeFiles.c.o   -c /home/cameron/Projects/nibbler-1/lib/vtk/CMakeFiles/CMakeTmp/CheckIncludeFiles.c
/home/cameron/Projects/nibbler-1/lib/vtk/CMakeFiles/CMakeTmp/CheckIncludeFiles.c:15:27: fatal error: globus/common.h: No such file or directory
compilation terminated.
CMakeFiles/cmTC_7cd53.dir/build.make:65: recipe for target 'CMakeFiles/cmTC_7cd53.dir/CheckIncludeFiles.c.o' failed
make[1]: *** [CMakeFiles/cmTC_7cd53.dir/CheckIncludeFiles.c.o] Error 1
make[1]: Leaving directory '/home/cameron/Projects/nibbler-1/lib/vtk/CMakeFiles/CMakeTmp'
Makefile:126: recipe for target 'cmTC_7cd53/fast' failed
make: *** [cmTC_7cd53/fast] Error 2

Source:
/* */
#include <sys/resource.h>
#include <sys/time.h>
#include <unistd.h>
#include <sys/ioctl.h>
#include <sys/stat.h>
#include <sys/socket.h>
#include <sys/types.h>
#include <stddef.h>
#include <setjmp.h>
#include <features.h>
#include <dirent.h>
#include <stdint.h>
#include <sys/timeb.h>
#include <globus/common.h>


int main(void){return 0;}

Determining if files sys/resource.h;sys/time.h;unistd.h;sys/ioctl.h;sys/stat.h;sys/socket.h;sys/types.h;stddef.h;setjmp.h;features.h;dirent.h;stdint.h;sys/timeb.h;pdb.h exist failed with the following output:
Change Dir: /home/cameron/Projects/nibbler-1/lib/vtk/CMakeFiles/CMakeTmp

Run Build Command:"/usr/bin/make" "cmTC_a4c78/fast"
/usr/bin/make -f CMakeFiles/cmTC_a4c78.dir/build.make CMakeFiles/cmTC_a4c78.dir/build
make[1]: Entering directory '/home/cameron/Projects/nibbler-1/lib/vtk/CMakeFiles/CMakeTmp'
Building C object CMakeFiles/cmTC_a4c78.dir/CheckIncludeFiles.c.o
/usr/bin/cc    -w -w    -o CMakeFiles/cmTC_a4c78.dir/CheckIncludeFiles.c.o   -c /home/cameron/Projects/nibbler-1/lib/vtk/CMakeFiles/CMakeTmp/CheckIncludeFiles.c
/home/cameron/Projects/nibbler-1/lib/vtk/CMakeFiles/CMakeTmp/CheckIncludeFiles.c:15:17: fatal error: pdb.h: No such file or directory
compilation terminated.
CMakeFiles/cmTC_a4c78.dir/build.make:65: recipe for target 'CMakeFiles/cmTC_a4c78.dir/CheckIncludeFiles.c.o' failed
make[1]: *** [CMakeFiles/cmTC_a4c78.dir/CheckIncludeFiles.c.o] Error 1
make[1]: Leaving directory '/home/cameron/Projects/nibbler-1/lib/vtk/CMakeFiles/CMakeTmp'
Makefile:126: recipe for target 'cmTC_a4c78/fast' failed
make: *** [cmTC_a4c78/fast] Error 2

Source:
/* */
#include <sys/resource.h>
#include <sys/time.h>
#include <unistd.h>
#include <sys/ioctl.h>
#include <sys/stat.h>
#include <sys/socket.h>
#include <sys/types.h>
#include <stddef.h>
#include <setjmp.h>
#include <features.h>
#include <dirent.h>
#include <stdint.h>
#include <sys/timeb.h>
#include <pdb.h>


int main(void){return 0;}

Determining if files sys/resource.h;sys/time.h;unistd.h;sys/ioctl.h;sys/stat.h;sys/socket.h;sys/types.h;stddef.h;setjmp.h;features.h;dirent.h;stdint.h;sys/timeb.h;pthread.h;srbclient.h exist failed with the following output:
Change Dir: /home/cameron/Projects/nibbler-1/lib/vtk/CMakeFiles/CMakeTmp

Run Build Command:"/usr/bin/make" "cmTC_4d127/fast"
/usr/bin/make -f CMakeFiles/cmTC_4d127.dir/build.make CMakeFiles/cmTC_4d127.dir/build
make[1]: Entering directory '/home/cameron/Projects/nibbler-1/lib/vtk/CMakeFiles/CMakeTmp'
Building C object CMakeFiles/cmTC_4d127.dir/CheckIncludeFiles.c.o
/usr/bin/cc    -w -w    -o CMakeFiles/cmTC_4d127.dir/CheckIncludeFiles.c.o   -c /home/cameron/Projects/nibbler-1/lib/vtk/CMakeFiles/CMakeTmp/CheckIncludeFiles.c
/home/cameron/Projects/nibbler-1/lib/vtk/CMakeFiles/CMakeTmp/CheckIncludeFiles.c:16:23: fatal error: srbclient.h: No such file or directory
compilation terminated.
CMakeFiles/cmTC_4d127.dir/build.make:65: recipe for target 'CMakeFiles/cmTC_4d127.dir/CheckIncludeFiles.c.o' failed
make[1]: *** [CMakeFiles/cmTC_4d127.dir/CheckIncludeFiles.c.o] Error 1
make[1]: Leaving directory '/home/cameron/Projects/nibbler-1/lib/vtk/CMakeFiles/CMakeTmp'
Makefile:126: recipe for target 'cmTC_4d127/fast' failed
make: *** [cmTC_4d127/fast] Error 2

Source:
/* */
#include <sys/resource.h>
#include <sys/time.h>
#include <unistd.h>
#include <sys/ioctl.h>
#include <sys/stat.h>
#include <sys/socket.h>
#include <sys/types.h>
#include <stddef.h>
#include <setjmp.h>
#include <features.h>
#include <dirent.h>
#include <stdint.h>
#include <sys/timeb.h>
#include <pthread.h>
#include <srbclient.h>


int main(void){return 0;}

Determining size of __int64 failed with the following output:
Change Dir: /home/cameron/Projects/nibbler-1/lib/vtk/CMakeFiles/CMakeTmp

Run Build Command:"/usr/bin/make" "cmTC_960e0/fast"
/usr/bin/make -f CMakeFiles/cmTC_960e0.dir/build.make CMakeFiles/cmTC_960e0.dir/build
make[1]: Entering directory '/home/cameron/Projects/nibbler-1/lib/vtk/CMakeFiles/CMakeTmp'
Building C object CMakeFiles/cmTC_960e0.dir/H5_SIZEOF___INT64.c.o
/usr/bin/cc  -D_BSD_SOURCE -D_DEFAULT_SOURCE -D_FILE_OFFSET_BITS=64 -D_LARGEFILE64_SOURCE -D_LARGEFILE_SOURCE  -w -w    -o CMakeFiles/cmTC_960e0.dir/H5_SIZEOF___INT64.c.o   -c /home/cameron/Projects/nibbler-1/lib/vtk/CMakeFiles/CheckTypeSize/H5_SIZEOF___INT64.c
/home/cameron/Projects/nibbler-1/lib/vtk/CMakeFiles/CheckTypeSize/H5_SIZEOF___INT64.c:17:22: error: ‘__int64’ undeclared here (not in a function)
 #define SIZE (sizeof(__int64))
                      ^
/home/cameron/Projects/nibbler-1/lib/vtk/CMakeFiles/CheckTypeSize/H5_SIZEOF___INT64.c:19:12: note: in expansion of macro ‘SIZE’
   ('0' + ((SIZE / 10000)%10)),
            ^
CMakeFiles/cmTC_960e0.dir/build.make:65: recipe for target 'CMakeFiles/cmTC_960e0.dir/H5_SIZEOF___INT64.c.o' failed
make[1]: *** [CMakeFiles/cmTC_960e0.dir/H5_SIZEOF___INT64.c.o] Error 1
make[1]: Leaving directory '/home/cameron/Projects/nibbler-1/lib/vtk/CMakeFiles/CMakeTmp'
Makefile:126: recipe for target 'cmTC_960e0/fast' failed
make: *** [cmTC_960e0/fast] Error 2

/home/cameron/Projects/nibbler-1/lib/vtk/CMakeFiles/CheckTypeSize/H5_SIZEOF___INT64.c:
#include <sys/types.h>
#include <stdint.h>
#include <stddef.h>


#undef KEY
#if defined(__i386)
# define KEY '_','_','i','3','8','6'
#elif defined(__x86_64)
# define KEY '_','_','x','8','6','_','6','4'
#elif defined(__ppc__)
# define KEY '_','_','p','p','c','_','_'
#elif defined(__ppc64__)
# define KEY '_','_','p','p','c','6','4','_','_'
#endif

#define SIZE (sizeof(__int64))
char info_size[] =  {'I', 'N', 'F', 'O', ':', 's','i','z','e','[',
  ('0' + ((SIZE / 10000)%10)),
  ('0' + ((SIZE / 1000)%10)),
  ('0' + ((SIZE / 100)%10)),
  ('0' + ((SIZE / 10)%10)),
  ('0' +  (SIZE    % 10)),
  ']',
#ifdef KEY
  ' ','k','e','y','[', KEY, ']',
#endif
  '\0'};

#ifdef __CLASSIC_C__
int main(argc, argv) int argc; char *argv[];
#else
int main(int argc, char *argv[])
#endif
{
  int require = 0;
  require += info_size[argc];
  (void)argv;
  return require;
}


Determining if the variable CLOCK_MONOTONIC exists failed with the following output:
Change Dir: /home/cameron/Projects/nibbler-1/lib/vtk/CMakeFiles/CMakeTmp

Run Build Command:"/usr/bin/make" "cmTC_97107/fast"
/usr/bin/make -f CMakeFiles/cmTC_97107.dir/build.make CMakeFiles/cmTC_97107.dir/build
make[1]: Entering directory '/home/cameron/Projects/nibbler-1/lib/vtk/CMakeFiles/CMakeTmp'
Building C object CMakeFiles/cmTC_97107.dir/CheckVariableExists.c.o
/usr/bin/cc  -D_BSD_SOURCE -D_DEFAULT_SOURCE -D_FILE_OFFSET_BITS=64 -D_LARGEFILE64_SOURCE -D_LARGEFILE_SOURCE  -w -w -DCHECK_VARIABLE_EXISTS=CLOCK_MONOTONIC   -o CMakeFiles/cmTC_97107.dir/CheckVariableExists.c.o   -c /usr/share/cmake-3.5/Modules/CheckVariableExists.c
Linking C executable cmTC_97107
/usr/bin/cmake -E cmake_link_script CMakeFiles/cmTC_97107.dir/link.txt --verbose=1
/usr/bin/cc    -w -w -DCHECK_VARIABLE_EXISTS=CLOCK_MONOTONIC    CMakeFiles/cmTC_97107.dir/CheckVariableExists.c.o  -o cmTC_97107 -rdynamic -lm -ldl 
CMakeFiles/cmTC_97107.dir/CheckVariableExists.c.o: In function `main':
CheckVariableExists.c:(.text+0x25): undefined reference to `CLOCK_MONOTONIC'
collect2: error: ld returned 1 exit status
CMakeFiles/cmTC_97107.dir/build.make:97: recipe for target 'cmTC_97107' failed
make[1]: *** [cmTC_97107] Error 1
make[1]: Leaving directory '/home/cameron/Projects/nibbler-1/lib/vtk/CMakeFiles/CMakeTmp'
Makefile:126: recipe for target 'cmTC_97107/fast' failed
make: *** [cmTC_97107/fast] Error 2


Performing Other Test HAVE___TM_GMTOFF failed with the following output:
Change Dir: /home/cameron/Projects/nibbler-1/lib/vtk/CMakeFiles/CMakeTmp

Run Build Command:"/usr/bin/make" "cmTC_e634f/fast"
/usr/bin/make -f CMakeFiles/cmTC_e634f.dir/build.make CMakeFiles/cmTC_e634f.dir/build
make[1]: Entering directory '/home/cameron/Projects/nibbler-1/lib/vtk/CMakeFiles/CMakeTmp'
Building C object CMakeFiles/cmTC_e634f.dir/HDF5Tests.c.o
/usr/bin/cc    -w -w -DHAVE___TM_GMTOFF  -DHAVE_SYS_TIME_H -DHAVE_UNISTD_H -DHAVE_SYS_TYPES_H -DHAVE_SYS_SOCKET_H -D_FILE_OFFSET_BITS=64 -D_LARGEFILE64_SOURCE -D_LARGEFILE_SOURCE   -o CMakeFiles/cmTC_e634f.dir/HDF5Tests.c.o   -c /home/cameron/Downloads/VTK-7.0.0/ThirdParty/hdf5/vtkhdf5/config/cmake/HDF5Tests.c
/home/cameron/Downloads/VTK-7.0.0/ThirdParty/hdf5/vtkhdf5/config/cmake/HDF5Tests.c: In function ‘main’:
/home/cameron/Downloads/VTK-7.0.0/ThirdParty/hdf5/vtkhdf5/config/cmake/HDF5Tests.c:191:29: error: ‘struct tm’ has no member named ‘__tm_gmtoff’
 SIMPLE_TEST(struct tm tm; tm.__tm_gmtoff=0);
                             ^
/home/cameron/Downloads/VTK-7.0.0/ThirdParty/hdf5/vtkhdf5/config/cmake/HDF5Tests.c:1:36: note: in definition of macro ‘SIMPLE_TEST’
 #define SIMPLE_TEST(x) int main(){ x; return 0; }
                                    ^
CMakeFiles/cmTC_e634f.dir/build.make:65: recipe for target 'CMakeFiles/cmTC_e634f.dir/HDF5Tests.c.o' failed
make[1]: *** [CMakeFiles/cmTC_e634f.dir/HDF5Tests.c.o] Error 1
make[1]: Leaving directory '/home/cameron/Projects/nibbler-1/lib/vtk/CMakeFiles/CMakeTmp'
Makefile:126: recipe for target 'cmTC_e634f/fast' failed
make: *** [cmTC_e634f/fast] Error 2

Performing Other Test HAVE_STRUCT_VIDEOCONFIG failed with the following output:
Change Dir: /home/cameron/Projects/nibbler-1/lib/vtk/CMakeFiles/CMakeTmp

Run Build Command:"/usr/bin/make" "cmTC_e120c/fast"
/usr/bin/make -f CMakeFiles/cmTC_e120c.dir/build.make CMakeFiles/cmTC_e120c.dir/build
make[1]: Entering directory '/home/cameron/Projects/nibbler-1/lib/vtk/CMakeFiles/CMakeTmp'
Building C object CMakeFiles/cmTC_e120c.dir/HDF5Tests.c.o
/usr/bin/cc    -w -w -DHAVE_STRUCT_VIDEOCONFIG  -DHAVE_SYS_TIME_H -DHAVE_UNISTD_H -DHAVE_SYS_TYPES_H -DHAVE_SYS_SOCKET_H -D_FILE_OFFSET_BITS=64 -D_LARGEFILE64_SOURCE -D_LARGEFILE_SOURCE   -o CMakeFiles/cmTC_e120c.dir/HDF5Tests.c.o   -c /home/cameron/Downloads/VTK-7.0.0/ThirdParty/hdf5/vtkhdf5/config/cmake/HDF5Tests.c
/home/cameron/Downloads/VTK-7.0.0/ThirdParty/hdf5/vtkhdf5/config/cmake/HDF5Tests.c: In function ‘main’:
/home/cameron/Downloads/VTK-7.0.0/ThirdParty/hdf5/vtkhdf5/config/cmake/HDF5Tests.c:474:32: error: storage size of ‘w’ isn’t known
 SIMPLE_TEST(struct videoconfig w; w.numtextcols=0);
                                ^
/home/cameron/Downloads/VTK-7.0.0/ThirdParty/hdf5/vtkhdf5/config/cmake/HDF5Tests.c:1:36: note: in definition of macro ‘SIMPLE_TEST’
 #define SIMPLE_TEST(x) int main(){ x; return 0; }
                                    ^
CMakeFiles/cmTC_e120c.dir/build.make:65: recipe for target 'CMakeFiles/cmTC_e120c.dir/HDF5Tests.c.o' failed
make[1]: *** [CMakeFiles/cmTC_e120c.dir/HDF5Tests.c.o] Error 1
make[1]: Leaving directory '/home/cameron/Projects/nibbler-1/lib/vtk/CMakeFiles/CMakeTmp'
Makefile:126: recipe for target 'cmTC_e120c/fast' failed
make: *** [cmTC_e120c/fast] Error 2

Performing Other Test HAVE_STRUCT_TEXT_INFO failed with the following output:
Change Dir: /home/cameron/Projects/nibbler-1/lib/vtk/CMakeFiles/CMakeTmp

Run Build Command:"/usr/bin/make" "cmTC_33c5e/fast"
/usr/bin/make -f CMakeFiles/cmTC_33c5e.dir/build.make CMakeFiles/cmTC_33c5e.dir/build
make[1]: Entering directory '/home/cameron/Projects/nibbler-1/lib/vtk/CMakeFiles/CMakeTmp'
Building C object CMakeFiles/cmTC_33c5e.dir/HDF5Tests.c.o
/usr/bin/cc    -w -w -DHAVE_STRUCT_TEXT_INFO  -DHAVE_SYS_TIME_H -DHAVE_UNISTD_H -DHAVE_SYS_TYPES_H -DHAVE_SYS_SOCKET_H -D_FILE_OFFSET_BITS=64 -D_LARGEFILE64_SOURCE -D_LARGEFILE_SOURCE   -o CMakeFiles/cmTC_33c5e.dir/HDF5Tests.c.o   -c /home/cameron/Downloads/VTK-7.0.0/ThirdParty/hdf5/vtkhdf5/config/cmake/HDF5Tests.c
/home/cameron/Downloads/VTK-7.0.0/ThirdParty/hdf5/vtkhdf5/config/cmake/HDF5Tests.c: In function ‘main’:
/home/cameron/Downloads/VTK-7.0.0/ThirdParty/hdf5/vtkhdf5/config/cmake/HDF5Tests.c:480:30: error: storage size of ‘w’ isn’t known
 SIMPLE_TEST(struct text_info w; w.screenwidth=0);
                              ^
/home/cameron/Downloads/VTK-7.0.0/ThirdParty/hdf5/vtkhdf5/config/cmake/HDF5Tests.c:1:36: note: in definition of macro ‘SIMPLE_TEST’
 #define SIMPLE_TEST(x) int main(){ x; return 0; }
                                    ^
CMakeFiles/cmTC_33c5e.dir/build.make:65: recipe for target 'CMakeFiles/cmTC_33c5e.dir/HDF5Tests.c.o' failed
make[1]: *** [CMakeFiles/cmTC_33c5e.dir/HDF5Tests.c.o] Error 1
make[1]: Leaving directory '/home/cameron/Projects/nibbler-1/lib/vtk/CMakeFiles/CMakeTmp'
Makefile:126: recipe for target 'cmTC_33c5e/fast' failed
make: *** [cmTC_33c5e/fast] Error 2

Determining if the function _getvideoconfig exists failed with the following output:
Change Dir: /home/cameron/Projects/nibbler-1/lib/vtk/CMakeFiles/CMakeTmp

Run Build Command:"/usr/bin/make" "cmTC_cf091/fast"
/usr/bin/make -f CMakeFiles/cmTC_cf091.dir/build.make CMakeFiles/cmTC_cf091.dir/build
make[1]: Entering directory '/home/cameron/Projects/nibbler-1/lib/vtk/CMakeFiles/CMakeTmp'
Building C object CMakeFiles/cmTC_cf091.dir/CheckFunctionExists.c.o
/usr/bin/cc  -D_BSD_SOURCE -D_DEFAULT_SOURCE -D_FILE_OFFSET_BITS=64 -D_LARGEFILE64_SOURCE -D_LARGEFILE_SOURCE  -w -w -DCHECK_FUNCTION_EXISTS=_getvideoconfig   -o CMakeFiles/cmTC_cf091.dir/CheckFunctionExists.c.o   -c /usr/share/cmake-3.5/Modules/CheckFunctionExists.c
Linking C executable cmTC_cf091
/usr/bin/cmake -E cmake_link_script CMakeFiles/cmTC_cf091.dir/link.txt --verbose=1
/usr/bin/cc    -w -w -DCHECK_FUNCTION_EXISTS=_getvideoconfig    CMakeFiles/cmTC_cf091.dir/CheckFunctionExists.c.o  -o cmTC_cf091 -rdynamic -lm -ldl 
CMakeFiles/cmTC_cf091.dir/CheckFunctionExists.c.o: In function `main':
CheckFunctionExists.c:(.text+0x15): undefined reference to `_getvideoconfig'
collect2: error: ld returned 1 exit status
CMakeFiles/cmTC_cf091.dir/build.make:97: recipe for target 'cmTC_cf091' failed
make[1]: *** [cmTC_cf091] Error 1
make[1]: Leaving directory '/home/cameron/Projects/nibbler-1/lib/vtk/CMakeFiles/CMakeTmp'
Makefile:126: recipe for target 'cmTC_cf091/fast' failed
make: *** [cmTC_cf091/fast] Error 2


Determining if the function gettextinfo exists failed with the following output:
Change Dir: /home/cameron/Projects/nibbler-1/lib/vtk/CMakeFiles/CMakeTmp

Run Build Command:"/usr/bin/make" "cmTC_ea7d9/fast"
/usr/bin/make -f CMakeFiles/cmTC_ea7d9.dir/build.make CMakeFiles/cmTC_ea7d9.dir/build
make[1]: Entering directory '/home/cameron/Projects/nibbler-1/lib/vtk/CMakeFiles/CMakeTmp'
Building C object CMakeFiles/cmTC_ea7d9.dir/CheckFunctionExists.c.o
/usr/bin/cc  -D_BSD_SOURCE -D_DEFAULT_SOURCE -D_FILE_OFFSET_BITS=64 -D_LARGEFILE64_SOURCE -D_LARGEFILE_SOURCE  -w -w -DCHECK_FUNCTION_EXISTS=gettextinfo   -o CMakeFiles/cmTC_ea7d9.dir/CheckFunctionExists.c.o   -c /usr/share/cmake-3.5/Modules/CheckFunctionExists.c
Linking C executable cmTC_ea7d9
/usr/bin/cmake -E cmake_link_script CMakeFiles/cmTC_ea7d9.dir/link.txt --verbose=1
/usr/bin/cc    -w -w -DCHECK_FUNCTION_EXISTS=gettextinfo    CMakeFiles/cmTC_ea7d9.dir/CheckFunctionExists.c.o  -o cmTC_ea7d9 -rdynamic -lm -ldl 
CMakeFiles/cmTC_ea7d9.dir/CheckFunctionExists.c.o: In function `main':
CheckFunctionExists.c:(.text+0x15): undefined reference to `gettextinfo'
collect2: error: ld returned 1 exit status
CMakeFiles/cmTC_ea7d9.dir/build.make:97: recipe for target 'cmTC_ea7d9' failed
make[1]: *** [cmTC_ea7d9] Error 1
make[1]: Leaving directory '/home/cameron/Projects/nibbler-1/lib/vtk/CMakeFiles/CMakeTmp'
Makefile:126: recipe for target 'cmTC_ea7d9/fast' failed
make: *** [cmTC_ea7d9/fast] Error 2


Determining if the function _scrsize exists failed with the following output:
Change Dir: /home/cameron/Projects/nibbler-1/lib/vtk/CMakeFiles/CMakeTmp

Run Build Command:"/usr/bin/make" "cmTC_40a56/fast"
/usr/bin/make -f CMakeFiles/cmTC_40a56.dir/build.make CMakeFiles/cmTC_40a56.dir/build
make[1]: Entering directory '/home/cameron/Projects/nibbler-1/lib/vtk/CMakeFiles/CMakeTmp'
Building C object CMakeFiles/cmTC_40a56.dir/CheckFunctionExists.c.o
/usr/bin/cc  -D_BSD_SOURCE -D_DEFAULT_SOURCE -D_FILE_OFFSET_BITS=64 -D_LARGEFILE64_SOURCE -D_LARGEFILE_SOURCE  -w -w -DCHECK_FUNCTION_EXISTS=_scrsize   -o CMakeFiles/cmTC_40a56.dir/CheckFunctionExists.c.o   -c /usr/share/cmake-3.5/Modules/CheckFunctionExists.c
Linking C executable cmTC_40a56
/usr/bin/cmake -E cmake_link_script CMakeFiles/cmTC_40a56.dir/link.txt --verbose=1
/usr/bin/cc    -w -w -DCHECK_FUNCTION_EXISTS=_scrsize    CMakeFiles/cmTC_40a56.dir/CheckFunctionExists.c.o  -o cmTC_40a56 -rdynamic -lm -ldl 
CMakeFiles/cmTC_40a56.dir/CheckFunctionExists.c.o: In function `main':
CheckFunctionExists.c:(.text+0x15): undefined reference to `_scrsize'
collect2: error: ld returned 1 exit status
CMakeFiles/cmTC_40a56.dir/build.make:97: recipe for target 'cmTC_40a56' failed
make[1]: *** [cmTC_40a56] Error 1
make[1]: Leaving directory '/home/cameron/Projects/nibbler-1/lib/vtk/CMakeFiles/CMakeTmp'
Makefile:126: recipe for target 'cmTC_40a56/fast' failed
make: *** [cmTC_40a56/fast] Error 2


Determining if the function GetConsoleScreenBufferInfo exists failed with the following output:
Change Dir: /home/cameron/Projects/nibbler-1/lib/vtk/CMakeFiles/CMakeTmp

Run Build Command:"/usr/bin/make" "cmTC_ff9da/fast"
/usr/bin/make -f CMakeFiles/cmTC_ff9da.dir/build.make CMakeFiles/cmTC_ff9da.dir/build
make[1]: Entering directory '/home/cameron/Projects/nibbler-1/lib/vtk/CMakeFiles/CMakeTmp'
Building C object CMakeFiles/cmTC_ff9da.dir/CheckFunctionExists.c.o
/usr/bin/cc  -D_BSD_SOURCE -D_DEFAULT_SOURCE -D_FILE_OFFSET_BITS=64 -D_LARGEFILE64_SOURCE -D_LARGEFILE_SOURCE  -w -w -DCHECK_FUNCTION_EXISTS=GetConsoleScreenBufferInfo   -o CMakeFiles/cmTC_ff9da.dir/CheckFunctionExists.c.o   -c /usr/share/cmake-3.5/Modules/CheckFunctionExists.c
Linking C executable cmTC_ff9da
/usr/bin/cmake -E cmake_link_script CMakeFiles/cmTC_ff9da.dir/link.txt --verbose=1
/usr/bin/cc    -w -w -DCHECK_FUNCTION_EXISTS=GetConsoleScreenBufferInfo    CMakeFiles/cmTC_ff9da.dir/CheckFunctionExists.c.o  -o cmTC_ff9da -rdynamic -lm -ldl 
CMakeFiles/cmTC_ff9da.dir/CheckFunctionExists.c.o: In function `main':
CheckFunctionExists.c:(.text+0x15): undefined reference to `GetConsoleScreenBufferInfo'
collect2: error: ld returned 1 exit status
CMakeFiles/cmTC_ff9da.dir/build.make:97: recipe for target 'cmTC_ff9da' failed
make[1]: *** [cmTC_ff9da] Error 1
make[1]: Leaving directory '/home/cameron/Projects/nibbler-1/lib/vtk/CMakeFiles/CMakeTmp'
Makefile:126: recipe for target 'cmTC_ff9da/fast' failed
make: *** [cmTC_ff9da/fast] Error 2


Determining if the function setsysinfo exists failed with the following output:
Change Dir: /home/cameron/Projects/nibbler-1/lib/vtk/CMakeFiles/CMakeTmp

Run Build Command:"/usr/bin/make" "cmTC_ddde5/fast"
/usr/bin/make -f CMakeFiles/cmTC_ddde5.dir/build.make CMakeFiles/cmTC_ddde5.dir/build
make[1]: Entering directory '/home/cameron/Projects/nibbler-1/lib/vtk/CMakeFiles/CMakeTmp'
Building C object CMakeFiles/cmTC_ddde5.dir/CheckFunctionExists.c.o
/usr/bin/cc  -D_BSD_SOURCE -D_DEFAULT_SOURCE -D_FILE_OFFSET_BITS=64 -D_LARGEFILE64_SOURCE -D_LARGEFILE_SOURCE  -w -w -DCHECK_FUNCTION_EXISTS=setsysinfo   -o CMakeFiles/cmTC_ddde5.dir/CheckFunctionExists.c.o   -c /usr/share/cmake-3.5/Modules/CheckFunctionExists.c
Linking C executable cmTC_ddde5
/usr/bin/cmake -E cmake_link_script CMakeFiles/cmTC_ddde5.dir/link.txt --verbose=1
/usr/bin/cc    -w -w -DCHECK_FUNCTION_EXISTS=setsysinfo    CMakeFiles/cmTC_ddde5.dir/CheckFunctionExists.c.o  -o cmTC_ddde5 -rdynamic -lm -ldl 
CMakeFiles/cmTC_ddde5.dir/CheckFunctionExists.c.o: In function `main':
CheckFunctionExists.c:(.text+0x15): undefined reference to `setsysinfo'
collect2: error: ld returned 1 exit status
CMakeFiles/cmTC_ddde5.dir/build.make:97: recipe for target 'cmTC_ddde5' failed
make[1]: *** [cmTC_ddde5] Error 1
make[1]: Leaving directory '/home/cameron/Projects/nibbler-1/lib/vtk/CMakeFiles/CMakeTmp'
Makefile:126: recipe for target 'cmTC_ddde5/fast' failed
make: *** [cmTC_ddde5/fast] Error 2


Determining if the function sigsetjmp exists failed with the following output:
Change Dir: /home/cameron/Projects/nibbler-1/lib/vtk/CMakeFiles/CMakeTmp

Run Build Command:"/usr/bin/make" "cmTC_9fe0c/fast"
/usr/bin/make -f CMakeFiles/cmTC_9fe0c.dir/build.make CMakeFiles/cmTC_9fe0c.dir/build
make[1]: Entering directory '/home/cameron/Projects/nibbler-1/lib/vtk/CMakeFiles/CMakeTmp'
Building C object CMakeFiles/cmTC_9fe0c.dir/CheckFunctionExists.c.o
/usr/bin/cc  -D_BSD_SOURCE -D_DEFAULT_SOURCE -D_FILE_OFFSET_BITS=64 -D_LARGEFILE64_SOURCE -D_LARGEFILE_SOURCE  -w -w -DCHECK_FUNCTION_EXISTS=sigsetjmp   -o CMakeFiles/cmTC_9fe0c.dir/CheckFunctionExists.c.o   -c /usr/share/cmake-3.5/Modules/CheckFunctionExists.c
Linking C executable cmTC_9fe0c
/usr/bin/cmake -E cmake_link_script CMakeFiles/cmTC_9fe0c.dir/link.txt --verbose=1
/usr/bin/cc    -w -w -DCHECK_FUNCTION_EXISTS=sigsetjmp    CMakeFiles/cmTC_9fe0c.dir/CheckFunctionExists.c.o  -o cmTC_9fe0c -rdynamic -lm -ldl 
CMakeFiles/cmTC_9fe0c.dir/CheckFunctionExists.c.o: In function `main':
CheckFunctionExists.c:(.text+0x15): undefined reference to `sigsetjmp'
collect2: error: ld returned 1 exit status
CMakeFiles/cmTC_9fe0c.dir/build.make:97: recipe for target 'cmTC_9fe0c' failed
make[1]: *** [cmTC_9fe0c] Error 1
make[1]: Leaving directory '/home/cameron/Projects/nibbler-1/lib/vtk/CMakeFiles/CMakeTmp'
Makefile:126: recipe for target 'cmTC_9fe0c/fast' failed
make: *** [cmTC_9fe0c/fast] Error 2


Performing CXX Test OLD_HEADER_FILENAME failed with the following output:
Change Dir: /home/cameron/Projects/nibbler-1/lib/vtk/CMakeFiles/CMakeTmp

Run Build Command:"/usr/bin/make" "cmTC_acc51/fast"
/usr/bin/make -f CMakeFiles/cmTC_acc51.dir/build.make CMakeFiles/cmTC_acc51.dir/build
make[1]: Entering directory '/home/cameron/Projects/nibbler-1/lib/vtk/CMakeFiles/CMakeTmp'
Building CXX object CMakeFiles/cmTC_acc51.dir/HDF5CXXTests.cpp.o
/usr/bin/c++     -w -w -DOLD_HEADER_FILENAME  -DHAVE_SYS_TIME_H -DHAVE_UNISTD_H -DHAVE_SYS_TYPES_H -DHAVE_SYS_SOCKET_H -D_FILE_OFFSET_BITS=64 -D_LARGEFILE64_SOURCE -D_LARGEFILE_SOURCE   -o CMakeFiles/cmTC_acc51.dir/HDF5CXXTests.cpp.o -c /home/cameron/Downloads/VTK-7.0.0/ThirdParty/hdf5/vtkhdf5/config/cmake/HDF5CXXTests.cpp
Linking CXX executable cmTC_acc51
/usr/bin/cmake -E cmake_link_script CMakeFiles/cmTC_acc51.dir/link.txt --verbose=1
/usr/bin/c++     -w -w -DOLD_HEADER_FILENAME  -DHAVE_SYS_TIME_H -DHAVE_UNISTD_H -DHAVE_SYS_TYPES_H -DHAVE_SYS_SOCKET_H -D_FILE_OFFSET_BITS=64 -D_LARGEFILE64_SOURCE -D_LARGEFILE_SOURCE    CMakeFiles/cmTC_acc51.dir/HDF5CXXTests.cpp.o  -o cmTC_acc51 -rdynamic -lm -ldl 
make[1]: Leaving directory '/home/cameron/Projects/nibbler-1/lib/vtk/CMakeFiles/CMakeTmp'

Performing CXX Test H5_NO_NAMESPACE failed with the following output:
Change Dir: /home/cameron/Projects/nibbler-1/lib/vtk/CMakeFiles/CMakeTmp

Run Build Command:"/usr/bin/make" "cmTC_cae6f/fast"
/usr/bin/make -f CMakeFiles/cmTC_cae6f.dir/build.make CMakeFiles/cmTC_cae6f.dir/build
make[1]: Entering directory '/home/cameron/Projects/nibbler-1/lib/vtk/CMakeFiles/CMakeTmp'
Building CXX object CMakeFiles/cmTC_cae6f.dir/HDF5CXXTests.cpp.o
/usr/bin/c++     -w -w -DH5_NO_NAMESPACE  -DHAVE_SYS_TIME_H -DHAVE_UNISTD_H -DHAVE_SYS_TYPES_H -DHAVE_SYS_SOCKET_H -D_FILE_OFFSET_BITS=64 -D_LARGEFILE64_SOURCE -D_LARGEFILE_SOURCE   -o CMakeFiles/cmTC_cae6f.dir/HDF5CXXTests.cpp.o -c /home/cameron/Downloads/VTK-7.0.0/ThirdParty/hdf5/vtkhdf5/config/cmake/HDF5CXXTests.cpp
Linking CXX executable cmTC_cae6f
/usr/bin/cmake -E cmake_link_script CMakeFiles/cmTC_cae6f.dir/link.txt --verbose=1
/usr/bin/c++     -w -w -DH5_NO_NAMESPACE  -DHAVE_SYS_TIME_H -DHAVE_UNISTD_H -DHAVE_SYS_TYPES_H -DHAVE_SYS_SOCKET_H -D_FILE_OFFSET_BITS=64 -D_LARGEFILE64_SOURCE -D_LARGEFILE_SOURCE    CMakeFiles/cmTC_cae6f.dir/HDF5CXXTests.cpp.o  -o cmTC_cae6f -rdynamic -lm -ldl 
make[1]: Leaving directory '/home/cameron/Projects/nibbler-1/lib/vtk/CMakeFiles/CMakeTmp'

Performing CXX Test H5_NO_STD failed with the following output:
Change Dir: /home/cameron/Projects/nibbler-1/lib/vtk/CMakeFiles/CMakeTmp

Run Build Command:"/usr/bin/make" "cmTC_3e2ad/fast"
/usr/bin/make -f CMakeFiles/cmTC_3e2ad.dir/build.make CMakeFiles/cmTC_3e2ad.dir/build
make[1]: Entering directory '/home/cameron/Projects/nibbler-1/lib/vtk/CMakeFiles/CMakeTmp'
Building CXX object CMakeFiles/cmTC_3e2ad.dir/HDF5CXXTests.cpp.o
/usr/bin/c++     -w -w -DH5_NO_STD  -DHAVE_SYS_TIME_H -DHAVE_UNISTD_H -DHAVE_SYS_TYPES_H -DHAVE_SYS_SOCKET_H -D_FILE_OFFSET_BITS=64 -D_LARGEFILE64_SOURCE -D_LARGEFILE_SOURCE   -o CMakeFiles/cmTC_3e2ad.dir/HDF5CXXTests.cpp.o -c /home/cameron/Downloads/VTK-7.0.0/ThirdParty/hdf5/vtkhdf5/config/cmake/HDF5CXXTests.cpp
Linking CXX executable cmTC_3e2ad
/usr/bin/cmake -E cmake_link_script CMakeFiles/cmTC_3e2ad.dir/link.txt --verbose=1
/usr/bin/c++     -w -w -DH5_NO_STD  -DHAVE_SYS_TIME_H -DHAVE_UNISTD_H -DHAVE_SYS_TYPES_H -DHAVE_SYS_SOCKET_H -D_FILE_OFFSET_BITS=64 -D_LARGEFILE64_SOURCE -D_LARGEFILE_SOURCE    CMakeFiles/cmTC_3e2ad.dir/HDF5CXXTests.cpp.o  -o cmTC_3e2ad -rdynamic -lm -ldl 
make[1]: Leaving directory '/home/cameron/Projects/nibbler-1/lib/vtk/CMakeFiles/CMakeTmp'

Performing CXX Test BOOL_NOTDEFINED failed with the following output:
Change Dir: /home/cameron/Projects/nibbler-1/lib/vtk/CMakeFiles/CMakeTmp

Run Build Command:"/usr/bin/make" "cmTC_1f1d3/fast"
/usr/bin/make -f CMakeFiles/cmTC_1f1d3.dir/build.make CMakeFiles/cmTC_1f1d3.dir/build
make[1]: Entering directory '/home/cameron/Projects/nibbler-1/lib/vtk/CMakeFiles/CMakeTmp'
Building CXX object CMakeFiles/cmTC_1f1d3.dir/HDF5CXXTests.cpp.o
/usr/bin/c++     -w -w -DBOOL_NOTDEFINED  -DHAVE_SYS_TIME_H -DHAVE_UNISTD_H -DHAVE_SYS_TYPES_H -DHAVE_SYS_SOCKET_H -D_FILE_OFFSET_BITS=64 -D_LARGEFILE64_SOURCE -D_LARGEFILE_SOURCE   -o CMakeFiles/cmTC_1f1d3.dir/HDF5CXXTests.cpp.o -c /home/cameron/Downloads/VTK-7.0.0/ThirdParty/hdf5/vtkhdf5/config/cmake/HDF5CXXTests.cpp
Linking CXX executable cmTC_1f1d3
/usr/bin/cmake -E cmake_link_script CMakeFiles/cmTC_1f1d3.dir/link.txt --verbose=1
/usr/bin/c++     -w -w -DBOOL_NOTDEFINED  -DHAVE_SYS_TIME_H -DHAVE_UNISTD_H -DHAVE_SYS_TYPES_H -DHAVE_SYS_SOCKET_H -D_FILE_OFFSET_BITS=64 -D_LARGEFILE64_SOURCE -D_LARGEFILE_SOURCE    CMakeFiles/cmTC_1f1d3.dir/HDF5CXXTests.cpp.o  -o cmTC_1f1d3 -rdynamic -lm -ldl 
make[1]: Leaving directory '/home/cameron/Projects/nibbler-1/lib/vtk/CMakeFiles/CMakeTmp'

Performing CXX Test NO_STATIC_CAST failed with the following output:
Change Dir: /home/cameron/Projects/nibbler-1/lib/vtk/CMakeFiles/CMakeTmp

Run Build Command:"/usr/bin/make" "cmTC_22861/fast"
/usr/bin/make -f CMakeFiles/cmTC_22861.dir/build.make CMakeFiles/cmTC_22861.dir/build
make[1]: Entering directory '/home/cameron/Projects/nibbler-1/lib/vtk/CMakeFiles/CMakeTmp'
Building CXX object CMakeFiles/cmTC_22861.dir/HDF5CXXTests.cpp.o
/usr/bin/c++     -w -w -DNO_STATIC_CAST  -DHAVE_SYS_TIME_H -DHAVE_UNISTD_H -DHAVE_SYS_TYPES_H -DHAVE_SYS_SOCKET_H -D_FILE_OFFSET_BITS=64 -D_LARGEFILE64_SOURCE -D_LARGEFILE_SOURCE   -o CMakeFiles/cmTC_22861.dir/HDF5CXXTests.cpp.o -c /home/cameron/Downloads/VTK-7.0.0/ThirdParty/hdf5/vtkhdf5/config/cmake/HDF5CXXTests.cpp
Linking CXX executable cmTC_22861
/usr/bin/cmake -E cmake_link_script CMakeFiles/cmTC_22861.dir/link.txt --verbose=1
/usr/bin/c++     -w -w -DNO_STATIC_CAST  -DHAVE_SYS_TIME_H -DHAVE_UNISTD_H -DHAVE_SYS_TYPES_H -DHAVE_SYS_SOCKET_H -D_FILE_OFFSET_BITS=64 -D_LARGEFILE64_SOURCE -D_LARGEFILE_SOURCE    CMakeFiles/cmTC_22861.dir/HDF5CXXTests.cpp.o  -o cmTC_22861 -rdynamic -lm -ldl 
make[1]: Leaving directory '/home/cameron/Projects/nibbler-1/lib/vtk/CMakeFiles/CMakeTmp'

Test TEST_DIRECT_VFD_WORKS Run failed with the following output and exit code:
 Change Dir: /home/cameron/Projects/nibbler-1/lib/vtk/ThirdParty/hdf5/vtkhdf5/CMake/CMakeFiles/CMakeTmp

Run Build Command:"/usr/bin/make" "cmTC_2c1f9/fast"
/usr/bin/make -f CMakeFiles/cmTC_2c1f9.dir/build.make CMakeFiles/cmTC_2c1f9.dir/build
make[1]: Entering directory '/home/cameron/Projects/nibbler-1/lib/vtk/ThirdParty/hdf5/vtkhdf5/CMake/CMakeFiles/CMakeTmp'
Building C object CMakeFiles/cmTC_2c1f9.dir/HDF5Tests.c.o
/usr/bin/cc    -w -w -DTEST_DIRECT_VFD_WORKS -D_GNU_SOURCE   -o CMakeFiles/cmTC_2c1f9.dir/HDF5Tests.c.o   -c /home/cameron/Downloads/VTK-7.0.0/ThirdParty/hdf5/vtkhdf5/config/cmake/HDF5Tests.c
Linking C executable cmTC_2c1f9
/usr/bin/cmake -E cmake_link_script CMakeFiles/cmTC_2c1f9.dir/link.txt --verbose=1
/usr/bin/cc    -w -w -DTEST_DIRECT_VFD_WORKS -D_GNU_SOURCE    CMakeFiles/cmTC_2c1f9.dir/HDF5Tests.c.o  -o cmTC_2c1f9 -rdynamic 
make[1]: Leaving directory '/home/cameron/Projects/nibbler-1/lib/vtk/ThirdParty/hdf5/vtkhdf5/CMake/CMakeFiles/CMakeTmp'

Test H5_FP_TO_ULLONG_RIGHT_MAXIMUM Run failed with the following output and exit code:
 Change Dir: /home/cameron/Projects/nibbler-1/lib/vtk/ThirdParty/hdf5/vtkhdf5/CMake/CMakeFiles/CMakeTmp

Run Build Command:"/usr/bin/make" "cmTC_d5482/fast"
/usr/bin/make -f CMakeFiles/cmTC_d5482.dir/build.make CMakeFiles/cmTC_d5482.dir/build
make[1]: Entering directory '/home/cameron/Projects/nibbler-1/lib/vtk/ThirdParty/hdf5/vtkhdf5/CMake/CMakeFiles/CMakeTmp'
Building C object CMakeFiles/cmTC_d5482.dir/ConversionTests.c.o
/usr/bin/cc    -w -w -DH5_FP_TO_ULLONG_RIGHT_MAXIMUM_TEST   -o CMakeFiles/cmTC_d5482.dir/ConversionTests.c.o   -c /home/cameron/Downloads/VTK-7.0.0/ThirdParty/hdf5/vtkhdf5/config/cmake/ConversionTests.c
Linking C executable cmTC_d5482
/usr/bin/cmake -E cmake_link_script CMakeFiles/cmTC_d5482.dir/link.txt --verbose=1
/usr/bin/cc    -w -w -DH5_FP_TO_ULLONG_RIGHT_MAXIMUM_TEST    CMakeFiles/cmTC_d5482.dir/ConversionTests.c.o  -o cmTC_d5482 -rdynamic 
make[1]: Leaving directory '/home/cameron/Projects/nibbler-1/lib/vtk/ThirdParty/hdf5/vtkhdf5/CMake/CMakeFiles/CMakeTmp'

Determining size of uchar failed with the following output:
Change Dir: /home/cameron/Projects/nibbler-1/lib/vtk/CMakeFiles/CMakeTmp

Run Build Command:"/usr/bin/make" "cmTC_55466/fast"
/usr/bin/make -f CMakeFiles/cmTC_55466.dir/build.make CMakeFiles/cmTC_55466.dir/build
make[1]: Entering directory '/home/cameron/Projects/nibbler-1/lib/vtk/CMakeFiles/CMakeTmp'
Building C object CMakeFiles/cmTC_55466.dir/SIZEOF_UCHAR.c.o
/usr/bin/cc    -w -w    -o CMakeFiles/cmTC_55466.dir/SIZEOF_UCHAR.c.o   -c /home/cameron/Projects/nibbler-1/lib/vtk/CMakeFiles/CheckTypeSize/SIZEOF_UCHAR.c
/home/cameron/Projects/nibbler-1/lib/vtk/CMakeFiles/CheckTypeSize/SIZEOF_UCHAR.c:17:22: error: ‘uchar’ undeclared here (not in a function)
 #define SIZE (sizeof(uchar))
                      ^
/home/cameron/Projects/nibbler-1/lib/vtk/CMakeFiles/CheckTypeSize/SIZEOF_UCHAR.c:19:12: note: in expansion of macro ‘SIZE’
   ('0' + ((SIZE / 10000)%10)),
            ^
CMakeFiles/cmTC_55466.dir/build.make:65: recipe for target 'CMakeFiles/cmTC_55466.dir/SIZEOF_UCHAR.c.o' failed
make[1]: *** [CMakeFiles/cmTC_55466.dir/SIZEOF_UCHAR.c.o] Error 1
make[1]: Leaving directory '/home/cameron/Projects/nibbler-1/lib/vtk/CMakeFiles/CMakeTmp'
Makefile:126: recipe for target 'cmTC_55466/fast' failed
make: *** [cmTC_55466/fast] Error 2

/home/cameron/Projects/nibbler-1/lib/vtk/CMakeFiles/CheckTypeSize/SIZEOF_UCHAR.c:
#include <sys/types.h>
#include <stdint.h>
#include <stddef.h>


#undef KEY
#if defined(__i386)
# define KEY '_','_','i','3','8','6'
#elif defined(__x86_64)
# define KEY '_','_','x','8','6','_','6','4'
#elif defined(__ppc__)
# define KEY '_','_','p','p','c','_','_'
#elif defined(__ppc64__)
# define KEY '_','_','p','p','c','6','4','_','_'
#endif

#define SIZE (sizeof(uchar))
char info_size[] =  {'I', 'N', 'F', 'O', ':', 's','i','z','e','[',
  ('0' + ((SIZE / 10000)%10)),
  ('0' + ((SIZE / 1000)%10)),
  ('0' + ((SIZE / 100)%10)),
  ('0' + ((SIZE / 10)%10)),
  ('0' +  (SIZE    % 10)),
  ']',
#ifdef KEY
  ' ','k','e','y','[', KEY, ']',
#endif
  '\0'};

#ifdef __CLASSIC_C__
int main(argc, argv) int argc; char *argv[];
#else
int main(int argc, char *argv[])
#endif
{
  int require = 0;
  require += info_size[argc];
  (void)argv;
  return require;
}


Determining if the function shl_load exists in the dld;dl failed with the following output:
Change Dir: /home/cameron/Projects/nibbler-1/lib/vtk/CMakeFiles/CMakeTmp

Run Build Command:"/usr/bin/make" "cmTC_2ebec/fast"
/usr/bin/make -f CMakeFiles/cmTC_2ebec.dir/build.make CMakeFiles/cmTC_2ebec.dir/build
make[1]: Entering directory '/home/cameron/Projects/nibbler-1/lib/vtk/CMakeFiles/CMakeTmp'
Building C object CMakeFiles/cmTC_2ebec.dir/CheckFunctionExists.c.o
/usr/bin/cc    -w -w -DCHECK_FUNCTION_EXISTS=shl_load   -o CMakeFiles/cmTC_2ebec.dir/CheckFunctionExists.c.o   -c /usr/share/cmake-3.5/Modules/CheckFunctionExists.c
Linking C executable cmTC_2ebec
/usr/bin/cmake -E cmake_link_script CMakeFiles/cmTC_2ebec.dir/link.txt --verbose=1
/usr/bin/cc    -w -w -DCHECK_FUNCTION_EXISTS=shl_load    CMakeFiles/cmTC_2ebec.dir/CheckFunctionExists.c.o  -o cmTC_2ebec -rdynamic -ldld -ldl 
/usr/bin/ld: cannot find -ldld
collect2: error: ld returned 1 exit status
CMakeFiles/cmTC_2ebec.dir/build.make:97: recipe for target 'cmTC_2ebec' failed
make[1]: *** [cmTC_2ebec] Error 1
make[1]: Leaving directory '/home/cameron/Projects/nibbler-1/lib/vtk/CMakeFiles/CMakeTmp'
Makefile:126: recipe for target 'cmTC_2ebec/fast' failed
make: *** [cmTC_2ebec/fast] Error 2


Determining if files stdio.h;stddef.h;sys/types.h;inttypes.h;dlfcn.h;fcntl.h;malloc.h;memory.h;netdb.h;limits.h;sys/socket.h;netinet/in.h;sys/select.h;stdint.h;stdlib.h;string.h;strings.h;sys/stat.h;sys/time.h;time.h;unistd.h;signal.h;errno.h;ansidecl.h exist failed with the following output:
Change Dir: /home/cameron/Projects/nibbler-1/lib/vtk/CMakeFiles/CMakeTmp

Run Build Command:"/usr/bin/make" "cmTC_8358c/fast"
/usr/bin/make -f CMakeFiles/cmTC_8358c.dir/build.make CMakeFiles/cmTC_8358c.dir/build
make[1]: Entering directory '/home/cameron/Projects/nibbler-1/lib/vtk/CMakeFiles/CMakeTmp'
Building C object CMakeFiles/cmTC_8358c.dir/CheckIncludeFiles.c.o
/usr/bin/cc  -D_GNU_SOURCE  -w -w    -o CMakeFiles/cmTC_8358c.dir/CheckIncludeFiles.c.o   -c /home/cameron/Projects/nibbler-1/lib/vtk/CMakeFiles/CMakeTmp/CheckIncludeFiles.c
/home/cameron/Projects/nibbler-1/lib/vtk/CMakeFiles/CMakeTmp/CheckIncludeFiles.c:25:22: fatal error: ansidecl.h: No such file or directory
compilation terminated.
CMakeFiles/cmTC_8358c.dir/build.make:65: recipe for target 'CMakeFiles/cmTC_8358c.dir/CheckIncludeFiles.c.o' failed
make[1]: *** [CMakeFiles/cmTC_8358c.dir/CheckIncludeFiles.c.o] Error 1
make[1]: Leaving directory '/home/cameron/Projects/nibbler-1/lib/vtk/CMakeFiles/CMakeTmp'
Makefile:126: recipe for target 'cmTC_8358c/fast' failed
make: *** [cmTC_8358c/fast] Error 2

Source:
/* */
#include <stdio.h>
#include <stddef.h>
#include <sys/types.h>
#include <inttypes.h>
#include <dlfcn.h>
#include <fcntl.h>
#include <malloc.h>
#include <memory.h>
#include <netdb.h>
#include <limits.h>
#include <sys/socket.h>
#include <netinet/in.h>
#include <sys/select.h>
#include <stdint.h>
#include <stdlib.h>
#include <string.h>
#include <strings.h>
#include <sys/stat.h>
#include <sys/time.h>
#include <time.h>
#include <unistd.h>
#include <signal.h>
#include <errno.h>
#include <ansidecl.h>


int main(void){return 0;}

Determining if files stdio.h;stddef.h;sys/types.h;inttypes.h;dlfcn.h;fcntl.h;malloc.h;memory.h;netdb.h;limits.h;sys/socket.h;netinet/in.h;sys/select.h;stdint.h;stdlib.h;string.h;strings.h;sys/stat.h;sys/time.h;time.h;unistd.h;signal.h;errno.h;arpa/inet.h;arpa/nameser.h;ctype.h;dirent.h;dl.h exist failed with the following output:
Change Dir: /home/cameron/Projects/nibbler-1/lib/vtk/CMakeFiles/CMakeTmp

Run Build Command:"/usr/bin/make" "cmTC_72ef9/fast"
/usr/bin/make -f CMakeFiles/cmTC_72ef9.dir/build.make CMakeFiles/cmTC_72ef9.dir/build
make[1]: Entering directory '/home/cameron/Projects/nibbler-1/lib/vtk/CMakeFiles/CMakeTmp'
Building C object CMakeFiles/cmTC_72ef9.dir/CheckIncludeFiles.c.o
/usr/bin/cc  -D_GNU_SOURCE  -w -w    -o CMakeFiles/cmTC_72ef9.dir/CheckIncludeFiles.c.o   -c /home/cameron/Projects/nibbler-1/lib/vtk/CMakeFiles/CMakeTmp/CheckIncludeFiles.c
/home/cameron/Projects/nibbler-1/lib/vtk/CMakeFiles/CMakeTmp/CheckIncludeFiles.c:29:16: fatal error: dl.h: No such file or directory
compilation terminated.
CMakeFiles/cmTC_72ef9.dir/build.make:65: recipe for target 'CMakeFiles/cmTC_72ef9.dir/CheckIncludeFiles.c.o' failed
make[1]: *** [CMakeFiles/cmTC_72ef9.dir/CheckIncludeFiles.c.o] Error 1
make[1]: Leaving directory '/home/cameron/Projects/nibbler-1/lib/vtk/CMakeFiles/CMakeTmp'
Makefile:126: recipe for target 'cmTC_72ef9/fast' failed
make: *** [cmTC_72ef9/fast] Error 2

Source:
/* */
#include <stdio.h>
#include <stddef.h>
#include <sys/types.h>
#include <inttypes.h>
#include <dlfcn.h>
#include <fcntl.h>
#include <malloc.h>
#include <memory.h>
#include <netdb.h>
#include <limits.h>
#include <sys/socket.h>
#include <netinet/in.h>
#include <sys/select.h>
#include <stdint.h>
#include <stdlib.h>
#include <string.h>
#include <strings.h>
#include <sys/stat.h>
#include <sys/time.h>
#include <time.h>
#include <unistd.h>
#include <signal.h>
#include <errno.h>
#include <arpa/inet.h>
#include <arpa/nameser.h>
#include <ctype.h>
#include <dirent.h>
#include <dl.h>


int main(void){return 0;}

Determining if files stdio.h;stddef.h;sys/types.h;inttypes.h;dlfcn.h;fcntl.h;malloc.h;memory.h;netdb.h;limits.h;sys/socket.h;netinet/in.h;sys/select.h;stdint.h;stdlib.h;string.h;strings.h;sys/stat.h;sys/time.h;time.h;unistd.h;signal.h;errno.h;arpa/inet.h;arpa/nameser.h;ctype.h;dirent.h;float.h;fp_class.h exist failed with the following output:
Change Dir: /home/cameron/Projects/nibbler-1/lib/vtk/CMakeFiles/CMakeTmp

Run Build Command:"/usr/bin/make" "cmTC_85d92/fast"
/usr/bin/make -f CMakeFiles/cmTC_85d92.dir/build.make CMakeFiles/cmTC_85d92.dir/build
make[1]: Entering directory '/home/cameron/Projects/nibbler-1/lib/vtk/CMakeFiles/CMakeTmp'
Building C object CMakeFiles/cmTC_85d92.dir/CheckIncludeFiles.c.o
/usr/bin/cc  -D_GNU_SOURCE  -w -w    -o CMakeFiles/cmTC_85d92.dir/CheckIncludeFiles.c.o   -c /home/cameron/Projects/nibbler-1/lib/vtk/CMakeFiles/CMakeTmp/CheckIncludeFiles.c
/home/cameron/Projects/nibbler-1/lib/vtk/CMakeFiles/CMakeTmp/CheckIncludeFiles.c:30:22: fatal error: fp_class.h: No such file or directory
compilation terminated.
CMakeFiles/cmTC_85d92.dir/build.make:65: recipe for target 'CMakeFiles/cmTC_85d92.dir/CheckIncludeFiles.c.o' failed
make[1]: *** [CMakeFiles/cmTC_85d92.dir/CheckIncludeFiles.c.o] Error 1
make[1]: Leaving directory '/home/cameron/Projects/nibbler-1/lib/vtk/CMakeFiles/CMakeTmp'
Makefile:126: recipe for target 'cmTC_85d92/fast' failed
make: *** [cmTC_85d92/fast] Error 2

Source:
/* */
#include <stdio.h>
#include <stddef.h>
#include <sys/types.h>
#include <inttypes.h>
#include <dlfcn.h>
#include <fcntl.h>
#include <malloc.h>
#include <memory.h>
#include <netdb.h>
#include <limits.h>
#include <sys/socket.h>
#include <netinet/in.h>
#include <sys/select.h>
#include <stdint.h>
#include <stdlib.h>
#include <string.h>
#include <strings.h>
#include <sys/stat.h>
#include <sys/time.h>
#include <time.h>
#include <unistd.h>
#include <signal.h>
#include <errno.h>
#include <arpa/inet.h>
#include <arpa/nameser.h>
#include <ctype.h>
#include <dirent.h>
#include <float.h>
#include <fp_class.h>


int main(void){return 0;}

Determining if files stdio.h;stddef.h;sys/types.h;inttypes.h;dlfcn.h;fcntl.h;malloc.h;memory.h;netdb.h;limits.h;sys/socket.h;netinet/in.h;sys/select.h;stdint.h;stdlib.h;string.h;strings.h;sys/stat.h;sys/time.h;time.h;unistd.h;signal.h;errno.h;arpa/inet.h;arpa/nameser.h;ctype.h;dirent.h;float.h;math.h;nan.h exist failed with the following output:
Change Dir: /home/cameron/Projects/nibbler-1/lib/vtk/CMakeFiles/CMakeTmp

Run Build Command:"/usr/bin/make" "cmTC_a8dd8/fast"
/usr/bin/make -f CMakeFiles/cmTC_a8dd8.dir/build.make CMakeFiles/cmTC_a8dd8.dir/build
make[1]: Entering directory '/home/cameron/Projects/nibbler-1/lib/vtk/CMakeFiles/CMakeTmp'
Building C object CMakeFiles/cmTC_a8dd8.dir/CheckIncludeFiles.c.o
/usr/bin/cc  -D_GNU_SOURCE  -w -w    -o CMakeFiles/cmTC_a8dd8.dir/CheckIncludeFiles.c.o   -c /home/cameron/Projects/nibbler-1/lib/vtk/CMakeFiles/CMakeTmp/CheckIncludeFiles.c
/home/cameron/Projects/nibbler-1/lib/vtk/CMakeFiles/CMakeTmp/CheckIncludeFiles.c:31:17: fatal error: nan.h: No such file or directory
compilation terminated.
CMakeFiles/cmTC_a8dd8.dir/build.make:65: recipe for target 'CMakeFiles/cmTC_a8dd8.dir/CheckIncludeFiles.c.o' failed
make[1]: *** [CMakeFiles/cmTC_a8dd8.dir/CheckIncludeFiles.c.o] Error 1
make[1]: Leaving directory '/home/cameron/Projects/nibbler-1/lib/vtk/CMakeFiles/CMakeTmp'
Makefile:126: recipe for target 'cmTC_a8dd8/fast' failed
make: *** [cmTC_a8dd8/fast] Error 2

Source:
/* */
#include <stdio.h>
#include <stddef.h>
#include <sys/types.h>
#include <inttypes.h>
#include <dlfcn.h>
#include <fcntl.h>
#include <malloc.h>
#include <memory.h>
#include <netdb.h>
#include <limits.h>
#include <sys/socket.h>
#include <netinet/in.h>
#include <sys/select.h>
#include <stdint.h>
#include <stdlib.h>
#include <string.h>
#include <strings.h>
#include <sys/stat.h>
#include <sys/time.h>
#include <time.h>
#include <unistd.h>
#include <signal.h>
#include <errno.h>
#include <arpa/inet.h>
#include <arpa/nameser.h>
#include <ctype.h>
#include <dirent.h>
#include <float.h>
#include <math.h>
#include <nan.h>


int main(void){return 0;}

Determining if files stdio.h;stddef.h;sys/types.h;inttypes.h;dlfcn.h;fcntl.h;malloc.h;memory.h;netdb.h;limits.h;sys/socket.h;netinet/in.h;sys/select.h;stdint.h;stdlib.h;string.h;strings.h;sys/stat.h;sys/time.h;time.h;unistd.h;signal.h;errno.h;arpa/inet.h;arpa/nameser.h;ctype.h;dirent.h;float.h;math.h;ndir.h exist failed with the following output:
Change Dir: /home/cameron/Projects/nibbler-1/lib/vtk/CMakeFiles/CMakeTmp

Run Build Command:"/usr/bin/make" "cmTC_54bec/fast"
/usr/bin/make -f CMakeFiles/cmTC_54bec.dir/build.make CMakeFiles/cmTC_54bec.dir/build
make[1]: Entering directory '/home/cameron/Projects/nibbler-1/lib/vtk/CMakeFiles/CMakeTmp'
Building C object CMakeFiles/cmTC_54bec.dir/CheckIncludeFiles.c.o
/usr/bin/cc  -D_GNU_SOURCE  -w -w    -o CMakeFiles/cmTC_54bec.dir/CheckIncludeFiles.c.o   -c /home/cameron/Projects/nibbler-1/lib/vtk/CMakeFiles/CMakeTmp/CheckIncludeFiles.c
/home/cameron/Projects/nibbler-1/lib/vtk/CMakeFiles/CMakeTmp/CheckIncludeFiles.c:31:18: fatal error: ndir.h: No such file or directory
compilation terminated.
CMakeFiles/cmTC_54bec.dir/build.make:65: recipe for target 'CMakeFiles/cmTC_54bec.dir/CheckIncludeFiles.c.o' failed
make[1]: *** [CMakeFiles/cmTC_54bec.dir/CheckIncludeFiles.c.o] Error 1
make[1]: Leaving directory '/home/cameron/Projects/nibbler-1/lib/vtk/CMakeFiles/CMakeTmp'
Makefile:126: recipe for target 'cmTC_54bec/fast' failed
make: *** [cmTC_54bec/fast] Error 2

Source:
/* */
#include <stdio.h>
#include <stddef.h>
#include <sys/types.h>
#include <inttypes.h>
#include <dlfcn.h>
#include <fcntl.h>
#include <malloc.h>
#include <memory.h>
#include <netdb.h>
#include <limits.h>
#include <sys/socket.h>
#include <netinet/in.h>
#include <sys/select.h>
#include <stdint.h>
#include <stdlib.h>
#include <string.h>
#include <strings.h>
#include <sys/stat.h>
#include <sys/time.h>
#include <time.h>
#include <unistd.h>
#include <signal.h>
#include <errno.h>
#include <arpa/inet.h>
#include <arpa/nameser.h>
#include <ctype.h>
#include <dirent.h>
#include <float.h>
#include <math.h>
#include <ndir.h>


int main(void){return 0;}

Determining if the fpclass exist failed with the following output:
Change Dir: /home/cameron/Projects/nibbler-1/lib/vtk/CMakeFiles/CMakeTmp

Run Build Command:"/usr/bin/make" "cmTC_d6385/fast"
/usr/bin/make -f CMakeFiles/cmTC_d6385.dir/build.make CMakeFiles/cmTC_d6385.dir/build
make[1]: Entering directory '/home/cameron/Projects/nibbler-1/lib/vtk/CMakeFiles/CMakeTmp'
Building C object CMakeFiles/cmTC_d6385.dir/CheckSymbolExists.c.o
/usr/bin/cc  -D_GNU_SOURCE  -w -w    -o CMakeFiles/cmTC_d6385.dir/CheckSymbolExists.c.o   -c /home/cameron/Projects/nibbler-1/lib/vtk/CMakeFiles/CMakeTmp/CheckSymbolExists.c
/home/cameron/Projects/nibbler-1/lib/vtk/CMakeFiles/CMakeTmp/CheckSymbolExists.c: In function ‘main’:
/home/cameron/Projects/nibbler-1/lib/vtk/CMakeFiles/CMakeTmp/CheckSymbolExists.c:41:19: error: ‘fpclass’ undeclared (first use in this function)
   return ((int*)(&fpclass))[argc];
                   ^
/home/cameron/Projects/nibbler-1/lib/vtk/CMakeFiles/CMakeTmp/CheckSymbolExists.c:41:19: note: each undeclared identifier is reported only once for each function it appears in
CMakeFiles/cmTC_d6385.dir/build.make:65: recipe for target 'CMakeFiles/cmTC_d6385.dir/CheckSymbolExists.c.o' failed
make[1]: *** [CMakeFiles/cmTC_d6385.dir/CheckSymbolExists.c.o] Error 1
make[1]: Leaving directory '/home/cameron/Projects/nibbler-1/lib/vtk/CMakeFiles/CMakeTmp'
Makefile:126: recipe for target 'cmTC_d6385/fast' failed
make: *** [cmTC_d6385/fast] Error 2

File /home/cameron/Projects/nibbler-1/lib/vtk/CMakeFiles/CMakeTmp/CheckSymbolExists.c:
/* */
#include <stdio.h>
#include <stddef.h>
#include <sys/types.h>
#include <inttypes.h>
#include <dlfcn.h>
#include <fcntl.h>
#include <malloc.h>
#include <memory.h>
#include <netdb.h>
#include <limits.h>
#include <sys/socket.h>
#include <netinet/in.h>
#include <sys/select.h>
#include <stdint.h>
#include <stdlib.h>
#include <string.h>
#include <strings.h>
#include <sys/stat.h>
#include <sys/time.h>
#include <time.h>
#include <unistd.h>
#include <signal.h>
#include <errno.h>
#include <arpa/inet.h>
#include <arpa/nameser.h>
#include <ctype.h>
#include <dirent.h>
#include <float.h>
#include <math.h>
#include <pthread.h>
#include <resolv.h>
#include <stdarg.h>
#include <sys/mman.h>
#include <sys/timeb.h>

int main(int argc, char** argv)
{
  (void)argv;
#ifndef fpclass
  return ((int*)(&fpclass))[argc];
#else
  (void)argc;
  return 0;
#endif
}

Determining if the fp_class exist failed with the following output:
Change Dir: /home/cameron/Projects/nibbler-1/lib/vtk/CMakeFiles/CMakeTmp

Run Build Command:"/usr/bin/make" "cmTC_fc78a/fast"
/usr/bin/make -f CMakeFiles/cmTC_fc78a.dir/build.make CMakeFiles/cmTC_fc78a.dir/build
make[1]: Entering directory '/home/cameron/Projects/nibbler-1/lib/vtk/CMakeFiles/CMakeTmp'
Building C object CMakeFiles/cmTC_fc78a.dir/CheckSymbolExists.c.o
/usr/bin/cc  -D_GNU_SOURCE  -w -w    -o CMakeFiles/cmTC_fc78a.dir/CheckSymbolExists.c.o   -c /home/cameron/Projects/nibbler-1/lib/vtk/CMakeFiles/CMakeTmp/CheckSymbolExists.c
/home/cameron/Projects/nibbler-1/lib/vtk/CMakeFiles/CMakeTmp/CheckSymbolExists.c: In function ‘main’:
/home/cameron/Projects/nibbler-1/lib/vtk/CMakeFiles/CMakeTmp/CheckSymbolExists.c:41:19: error: ‘fp_class’ undeclared (first use in this function)
   return ((int*)(&fp_class))[argc];
                   ^
/home/cameron/Projects/nibbler-1/lib/vtk/CMakeFiles/CMakeTmp/CheckSymbolExists.c:41:19: note: each undeclared identifier is reported only once for each function it appears in
CMakeFiles/cmTC_fc78a.dir/build.make:65: recipe for target 'CMakeFiles/cmTC_fc78a.dir/CheckSymbolExists.c.o' failed
make[1]: *** [CMakeFiles/cmTC_fc78a.dir/CheckSymbolExists.c.o] Error 1
make[1]: Leaving directory '/home/cameron/Projects/nibbler-1/lib/vtk/CMakeFiles/CMakeTmp'
Makefile:126: recipe for target 'cmTC_fc78a/fast' failed
make: *** [cmTC_fc78a/fast] Error 2

File /home/cameron/Projects/nibbler-1/lib/vtk/CMakeFiles/CMakeTmp/CheckSymbolExists.c:
/* */
#include <stdio.h>
#include <stddef.h>
#include <sys/types.h>
#include <inttypes.h>
#include <dlfcn.h>
#include <fcntl.h>
#include <malloc.h>
#include <memory.h>
#include <netdb.h>
#include <limits.h>
#include <sys/socket.h>
#include <netinet/in.h>
#include <sys/select.h>
#include <stdint.h>
#include <stdlib.h>
#include <string.h>
#include <strings.h>
#include <sys/stat.h>
#include <sys/time.h>
#include <time.h>
#include <unistd.h>
#include <signal.h>
#include <errno.h>
#include <arpa/inet.h>
#include <arpa/nameser.h>
#include <ctype.h>
#include <dirent.h>
#include <float.h>
#include <math.h>
#include <pthread.h>
#include <resolv.h>
#include <stdarg.h>
#include <sys/mman.h>
#include <sys/timeb.h>

int main(int argc, char** argv)
{
  (void)argv;
#ifndef fp_class
  return ((int*)(&fp_class))[argc];
#else
  (void)argc;
  return 0;
#endif
}

Determining if the _stat exist failed with the following output:
Change Dir: /home/cameron/Projects/nibbler-1/lib/vtk/CMakeFiles/CMakeTmp

Run Build Command:"/usr/bin/make" "cmTC_ae360/fast"
/usr/bin/make -f CMakeFiles/cmTC_ae360.dir/build.make CMakeFiles/cmTC_ae360.dir/build
make[1]: Entering directory '/home/cameron/Projects/nibbler-1/lib/vtk/CMakeFiles/CMakeTmp'
Building C object CMakeFiles/cmTC_ae360.dir/CheckSymbolExists.c.o
/usr/bin/cc  -D_GNU_SOURCE  -w -w    -o CMakeFiles/cmTC_ae360.dir/CheckSymbolExists.c.o   -c /home/cameron/Projects/nibbler-1/lib/vtk/CMakeFiles/CMakeTmp/CheckSymbolExists.c
/home/cameron/Projects/nibbler-1/lib/vtk/CMakeFiles/CMakeTmp/CheckSymbolExists.c: In function ‘main’:
/home/cameron/Projects/nibbler-1/lib/vtk/CMakeFiles/CMakeTmp/CheckSymbolExists.c:41:19: error: ‘_stat’ undeclared (first use in this function)
   return ((int*)(&_stat))[argc];
                   ^
/home/cameron/Projects/nibbler-1/lib/vtk/CMakeFiles/CMakeTmp/CheckSymbolExists.c:41:19: note: each undeclared identifier is reported only once for each function it appears in
CMakeFiles/cmTC_ae360.dir/build.make:65: recipe for target 'CMakeFiles/cmTC_ae360.dir/CheckSymbolExists.c.o' failed
make[1]: *** [CMakeFiles/cmTC_ae360.dir/CheckSymbolExists.c.o] Error 1
make[1]: Leaving directory '/home/cameron/Projects/nibbler-1/lib/vtk/CMakeFiles/CMakeTmp'
Makefile:126: recipe for target 'cmTC_ae360/fast' failed
make: *** [cmTC_ae360/fast] Error 2

File /home/cameron/Projects/nibbler-1/lib/vtk/CMakeFiles/CMakeTmp/CheckSymbolExists.c:
/* */
#include <stdio.h>
#include <stddef.h>
#include <sys/types.h>
#include <inttypes.h>
#include <dlfcn.h>
#include <fcntl.h>
#include <malloc.h>
#include <memory.h>
#include <netdb.h>
#include <limits.h>
#include <sys/socket.h>
#include <netinet/in.h>
#include <sys/select.h>
#include <stdint.h>
#include <stdlib.h>
#include <string.h>
#include <strings.h>
#include <sys/stat.h>
#include <sys/time.h>
#include <time.h>
#include <unistd.h>
#include <signal.h>
#include <errno.h>
#include <arpa/inet.h>
#include <arpa/nameser.h>
#include <ctype.h>
#include <dirent.h>
#include <float.h>
#include <math.h>
#include <pthread.h>
#include <resolv.h>
#include <stdarg.h>
#include <sys/mman.h>
#include <sys/timeb.h>

int main(int argc, char** argv)
{
  (void)argv;
#ifndef _stat
  return ((int*)(&_stat))[argc];
#else
  (void)argc;
  return 0;
#endif
}

Checking for DIR in sys/ndir.h failed to compile with the following output:
Change Dir: /home/cameron/Projects/nibbler-1/lib/vtk/ThirdParty/libxml2/vtklibxml2/CMakeFiles/CMakeTmp

Run Build Command:"/usr/bin/make" "cmTC_dab2c/fast"
/usr/bin/make -f CMakeFiles/cmTC_dab2c.dir/build.make CMakeFiles/cmTC_dab2c.dir/build
make[1]: Entering directory '/home/cameron/Projects/nibbler-1/lib/vtk/ThirdParty/libxml2/vtklibxml2/CMakeFiles/CMakeTmp'
Building C object CMakeFiles/cmTC_dab2c.dir/platformTestsC.c.o
/usr/bin/cc  -DTEST_HAVE_SYS_NDIR_H  -w -w    -o CMakeFiles/cmTC_dab2c.dir/platformTestsC.c.o   -c /home/cameron/Downloads/VTK-7.0.0/ThirdParty/libxml2/vtklibxml2/platformTestsC.c
/home/cameron/Downloads/VTK-7.0.0/ThirdParty/libxml2/vtklibxml2/platformTestsC.c:82:22: fatal error: sys/ndir.h: No such file or directory
 #include <sys/ndir.h>
                      ^
compilation terminated.
CMakeFiles/cmTC_dab2c.dir/build.make:65: recipe for target 'CMakeFiles/cmTC_dab2c.dir/platformTestsC.c.o' failed
make[1]: *** [CMakeFiles/cmTC_dab2c.dir/platformTestsC.c.o] Error 1
make[1]: Leaving directory '/home/cameron/Projects/nibbler-1/lib/vtk/ThirdParty/libxml2/vtklibxml2/CMakeFiles/CMakeTmp'
Makefile:126: recipe for target 'cmTC_dab2c/fast' failed
make: *** [cmTC_dab2c/fast] Error 2


